Arguments: 
  D:\environment\node.js\node.exe C:\Users\Administrator\AppData\Roaming\npm\node_modules\yarn\bin\yarn.js add md5

PATH: 
  D:\Project\jk-music-admin\node_modules\.bin;C:\AI\CUDA Development\bin;C:\AI\CUDA Development\libnvvp;D:\Environment\Python38\Scripts\;D:\Environment\Python38\;C:\Program Files (x86)\Common Files\Oracle\Java\javapath;C:\windows\system32;C:\windows;C:\windows\System32\Wbem;C:\windows\System32\WindowsPowerShell\v1.0\;C:\windows\System32\OpenSSH\;C:\Program Files (x86)\NVIDIA Corporation\PhysX\Common;D:\environment\node.js\;D:\Microsoft VS Code\bin;D:\Environment\JDK8\bin;D:\Environment\JDK8\jre\bin;D:\Environment\TortoiseGit\bin;D:\Environment\mysql-5.7.16-winx64\bin;C:\Program Files\NVIDIA Corporation\NVIDIA NvDLISR;D:\微信web开发者工具\dll;D:\wec;atTool\dll;D:\Environment\flutter\bin;D:\Xshell\;D:\Environment\Git\cmd;C:\WINDOWS\system32;C:\WINDOWS;C:\WINDOWS\System32\Wbem;C:\WINDOWS\System32\WindowsPowerShell\v1.0\;C:\WINDOWS\System32\OpenSSH\;C:\Program Files\Docker\Docker\resources\bin;C:\ProgramData\DockerDesktop\version-bin;C:\Program Files\NVIDIA Corporation\Nsight Compute 2020.2.0\;C:\Program Files\NVIDIA Corporation\NVSMI;D:\Anaconda3;D:\Anaconda3\Scripts;D:\Environment\Golang\bin;C:\Users\Administrator\AppData\Local\Microsoft\WindowsApps;C:\Users\Administrator\AppData\Roaming\npm;C:\Users\Administrator\AppData\Local\gitkraken\bin;C:\Users\Administrator\go\bin

Yarn version: 
  1.22.17

Node version: 
  16.13.1

Platform: 
  win32 x64

Trace: 
  Error: EPERM: operation not permitted, unlink 'D:\Project\jk-music-admin\node_modules\esbuild-windows-64\esbuild.exe'

npm manifest: 
  {
    "name": "jk-music-admin",
    "version": "0.0.0",
    "scripts": {
      "dev": "vite  --open",
      "build": "vite build",
      "preview": "vite preview"
    },
    "dependencies": {
      "@quasar/extras": "^1.12.2",
      "axios": "^0.24.0",
      "cos-js-sdk-v5": "^1.3.5",
      "js-cookie": "^3.0.1",
      "quasar": "^2.3.4",
      "vue": "^3.2.25",
      "vue-router": "4",
      "vuex": "^4.0.2"
    },
    "devDependencies": {
      "@quasar/vite-plugin": "^1.0.3",
      "@vitejs/plugin-vue": "^2.0.0",
      "@vue/eslint-config-prettier": "^6.0.0",
      "eslint": "^8.7.0",
      "eslint-config-prettier": "^8.3.0",
      "eslint-plugin-prettier": "^4.0.0",
      "eslint-plugin-vue": "^8.3.0",
      "less": "^4.1.2",
      "less-loader": "^10.2.0",
      "prettier": "^2.5.1",
      "sass": "1.32.0",
      "vite": "^2.7.2",
      "vite-plugin-windicss": "^1.6.1"
    }
  }

yarn manifest: 
  No manifest

Lockfile: 
  # THIS IS AN AUTOGENERATED FILE. DO NOT EDIT THIS FILE DIRECTLY.
  # yarn lockfile v1
  
  
  "@antfu/utils@^0.3.0":
    "integrity" "sha512-UU8TLr/EoXdg7OjMp0h9oDoIAVr+Z/oW9cpOxQQyrsz6Qzd2ms/1CdWx8fl2OQdFpxGmq5Vc4TwfLHId6nAZjA== sha1-YwbEO1Kog72Olz4+2N1kJIQYvMQ="
    "resolved" "https://registry.npmmirror.com/@antfu/utils/download/@antfu/utils-0.3.0.tgz"
    "version" "0.3.0"
    dependencies:
      "@types/throttle-debounce" "^2.1.0"
  
  "@babel/parser@^7.16.4":
    "integrity" "sha512-Gr86ujcNuPDnNOY8mi383Hvi8IYrJVJYuf3XcuBM/Dgd+bINn/7tHqsj+tKkoreMbmGsFLsltI/JJd8fOFWGDQ=="
    "resolved" "https://registry.npmmirror.com/@babel/parser/download/@babel/parser-7.16.6.tgz"
    "version" "7.16.6"
  
  "@eslint/eslintrc@^1.0.5":
    "integrity" "sha512-BLxsnmK3KyPunz5wmCCpqy0YelEoxxGmH73Is+Z74oOTMtExcjkr3dDR6quwrjh1YspA8DH9gnX1o069KiS9AQ=="
    "resolved" "https://registry.npmmirror.com/@eslint/eslintrc/download/@eslint/eslintrc-1.0.5.tgz"
    "version" "1.0.5"
    dependencies:
      "ajv" "^6.12.4"
      "debug" "^4.3.2"
      "espree" "^9.2.0"
      "globals" "^13.9.0"
      "ignore" "^4.0.6"
      "import-fresh" "^3.2.1"
      "js-yaml" "^4.1.0"
      "minimatch" "^3.0.4"
      "strip-json-comments" "^3.1.1"
  
  "@humanwhocodes/config-array@^0.9.2":
    "integrity" "sha512-UXOuFCGcwciWckOpmfKDq/GyhlTf9pN/BzG//x8p8zTOFEcGuA68ANXheFS0AGvy3qgZqLBUkMs7hqzqCKOVwA== sha1-aL5VxzcCMAnfxf4kXVEYG7ZHaRQ="
    "resolved" "https://registry.npmmirror.com/@humanwhocodes/config-array/download/@humanwhocodes/config-array-0.9.2.tgz?cache=0&sync_timestamp=1635880863762&other_urls=https%3A%2F%2Fregistry.npmmirror.com%2F%40humanwhocodes%2Fconfig-array%2Fdownload%2F%40humanwhocodes%2Fconfig-array-0.9.2.tgz"
    "version" "0.9.2"
    dependencies:
      "@humanwhocodes/object-schema" "^1.2.1"
      "debug" "^4.1.1"
      "minimatch" "^3.0.4"
  
  "@humanwhocodes/object-schema@^1.2.1":
    "integrity" "sha512-ZnQMnLV4e7hDlUvw8H+U8ASL02SS2Gn6+9Ac3wGGLIe7+je2AeAOxPY+izIPJDfFDb7eDjev0Us8MO1iFRN8hA== sha1-tSBSnsIdjllFoYUd/Rwy6U45/0U="
    "resolved" "https://registry.npmmirror.com/@humanwhocodes/object-schema/download/@humanwhocodes/object-schema-1.2.1.tgz?cache=0&sync_timestamp=1635879961525&other_urls=https%3A%2F%2Fregistry.npmmirror.com%2F%40humanwhocodes%2Fobject-schema%2Fdownload%2F%40humanwhocodes%2Fobject-schema-1.2.1.tgz"
    "version" "1.2.1"
  
  "@nodelib/fs.scandir@2.1.5":
    "integrity" "sha512-vq24Bq3ym5HEQm2NKCr3yXDwjc7vTsEThRDnkp2DK9p1uqLR+DHurm/NOTo0KG7HYHU7eppKZj3MyqYuMBf62g== sha1-dhnC6yGyVIP20WdUi0z9WnSIw9U="
    "resolved" "https://registry.nlark.com/@nodelib/fs.scandir/download/@nodelib/fs.scandir-2.1.5.tgz"
    "version" "2.1.5"
    dependencies:
      "@nodelib/fs.stat" "2.0.5"
      "run-parallel" "^1.1.9"
  
  "@nodelib/fs.stat@^2.0.2", "@nodelib/fs.stat@2.0.5":
    "integrity" "sha512-RkhPPp2zrqDAQA/2jNhnztcPAlv64XdhIp7a7454A5ovI7Bukxgt7MX7udwAu3zg1DcpPU0rz3VV1SeaqvY4+A== sha1-W9Jir5Tp0lvR5xsF3u1Eh2oiLos="
    "resolved" "https://registry.npmmirror.com/@nodelib/fs.stat/download/@nodelib/fs.stat-2.0.5.tgz"
    "version" "2.0.5"
  
  "@nodelib/fs.walk@^1.2.3":
    "integrity" "sha512-oGB+UxlgWcgQkgwo8GcEGwemoTFt3FIO9ababBmaGwXIoBKZ+GTy0pP185beGg7Llih/NSHSV2XAs1lnznocSg== sha1-6Vc36LtnRt3t9pxVaVNJTxlv5po="
    "resolved" "https://registry.nlark.com/@nodelib/fs.walk/download/@nodelib/fs.walk-1.2.8.tgz"
    "version" "1.2.8"
    dependencies:
      "@nodelib/fs.scandir" "2.1.5"
      "fastq" "^1.6.0"
  
  "@quasar/extras@^1.12.2":
    "integrity" "sha512-WDsmEdKJX5axXlkrVZUGAq++tsJ2jRwgSnZXt4TT6csyxM0rmDAoVbYNrc0KaQuEe9QXgHT2QDaaYzymfE616A=="
    "resolved" "https://registry.npmmirror.com/@quasar/extras/download/@quasar/extras-1.12.2.tgz"
    "version" "1.12.2"
  
  "@quasar/vite-plugin@^1.0.3":
    "integrity" "sha512-gpLdupSZ2e48P98P4h06QFh2qJjB1XPF6yxPvUZFZYR+28mhKRkzZKDG1A3fs2CK19ca1lJyZkASARtorIkfOw=="
    "resolved" "https://registry.npmmirror.com/@quasar/vite-plugin/download/@quasar/vite-plugin-1.0.3.tgz"
    "version" "1.0.3"
  
  "@types/eslint-scope@^3.7.0":
    "integrity" "sha512-PB3ldyrcnAicT35TWPs5IcwKD8S333HMaa2VVv4+wdvebJkjWuW/xESoB8IwRcog8HYVYamb1g/R31Qv5Bx03g=="
    "resolved" "https://registry.npmmirror.com/@types/eslint-scope/download/@types/eslint-scope-3.7.3.tgz"
    "version" "3.7.3"
    dependencies:
      "@types/eslint" "*"
      "@types/estree" "*"
  
  "@types/eslint@*":
    "integrity" "sha512-GE44+DNEyxxh2Kc6ro/VkIj+9ma0pO0bwv9+uHSyBrikYOHr8zYcdPvnBOp1aw8s+CjRvuSx7CyWqRrNFQ59mA=="
    "resolved" "https://registry.npmmirror.com/@types/eslint/download/@types/eslint-8.4.1.tgz"
    "version" "8.4.1"
    dependencies:
      "@types/estree" "*"
      "@types/json-schema" "*"
  
  "@types/estree@*", "@types/estree@^0.0.50":
    "integrity" "sha1-Hgyqk2TT/M0pMcPtlv2+ql1MyoM="
    "resolved" "https://registry.npmmirror.com/@types/estree/download/@types/estree-0.0.50.tgz?cache=0&sync_timestamp=1637266061438&other_urls=https%3A%2F%2Fregistry.npmmirror.com%2F%40types%2Festree%2Fdownload%2F%40types%2Festree-0.0.50.tgz"
    "version" "0.0.50"
  
  "@types/json-schema@*", "@types/json-schema@^7.0.8":
    "integrity" "sha1-l+3JA36gw4WFMgsolk3eOznkZg0="
    "resolved" "https://registry.npmmirror.com/@types/json-schema/download/@types/json-schema-7.0.9.tgz"
    "version" "7.0.9"
  
  "@types/node@*":
    "integrity" "sha512-4YpbAsnJXWYK/fpTVFlMIcUIho2AYCi4wg5aNPrG1ng7fn/1/RZfCIpRCiBX+12RVa34RluilnvCqD+g3KiSiA=="
    "resolved" "https://registry.npmmirror.com/@types/node/download/@types/node-17.0.12.tgz"
    "version" "17.0.12"
  
  "@types/throttle-debounce@^2.1.0":
    "integrity" "sha512-5eQEtSCoESnh2FsiLTxE121IiE60hnMqcb435fShf4bpLRjEu1Eoekht23y6zXS9Ts3l+Szu3TARnTsA0GkOkQ== sha1-HD32JL/Eti+ZLTASuExW1B6rN3Y="
    "resolved" "https://registry.npmmirror.com/@types/throttle-debounce/download/@types/throttle-debounce-2.1.0.tgz"
    "version" "2.1.0"
  
  "@vitejs/plugin-vue@^2.0.0":
    "integrity" "sha512-wtdMnGVvys9K8tg+DxowU1ytTrdVveXr3LzdhaKakysgGXyrsfaeds2cDywtvujEASjWOwWL/OgWM+qoeM8Plg=="
    "resolved" "https://registry.npmmirror.com/@vitejs/plugin-vue/download/@vitejs/plugin-vue-2.0.1.tgz"
    "version" "2.0.1"
  
  "@vue/compiler-core@3.2.26":
    "integrity" "sha512-N5XNBobZbaASdzY9Lga2D9Lul5vdCIOXvUMd6ThcN8zgqQhPKfCV+wfAJNNJKQkSHudnYRO2gEB+lp0iN3g2Tw=="
    "resolved" "https://registry.npmmirror.com/@vue/compiler-core/download/@vue/compiler-core-3.2.26.tgz"
    "version" "3.2.26"
    dependencies:
      "@babel/parser" "^7.16.4"
      "@vue/shared" "3.2.26"
      "estree-walker" "^2.0.2"
      "source-map" "^0.6.1"
  
  "@vue/compiler-dom@3.2.26":
    "integrity" "sha512-smBfaOW6mQDxcT3p9TKT6mE22vjxjJL50GFVJiI0chXYGU/xzC05QRGrW3HHVuJrmLTLx5zBhsZ2dIATERbarg=="
    "resolved" "https://registry.npmmirror.com/@vue/compiler-dom/download/@vue/compiler-dom-3.2.26.tgz"
    "version" "3.2.26"
    dependencies:
      "@vue/compiler-core" "3.2.26"
      "@vue/shared" "3.2.26"
  
  "@vue/compiler-sfc@3.2.26":
    "integrity" "sha512-ePpnfktV90UcLdsDQUh2JdiTuhV0Skv2iYXxfNMOK/F3Q+2BO0AulcVcfoksOpTJGmhhfosWfMyEaEf0UaWpIw=="
    "resolved" "https://registry.npmmirror.com/@vue/compiler-sfc/download/@vue/compiler-sfc-3.2.26.tgz"
    "version" "3.2.26"
    dependencies:
      "@babel/parser" "^7.16.4"
      "@vue/compiler-core" "3.2.26"
      "@vue/compiler-dom" "3.2.26"
      "@vue/compiler-ssr" "3.2.26"
      "@vue/reactivity-transform" "3.2.26"
      "@vue/shared" "3.2.26"
      "estree-walker" "^2.0.2"
      "magic-string" "^0.25.7"
      "postcss" "^8.1.10"
      "source-map" "^0.6.1"
  
  "@vue/compiler-ssr@3.2.26":
    "integrity" "sha512-2mywLX0ODc4Zn8qBoA2PDCsLEZfpUGZcyoFRLSOjyGGK6wDy2/5kyDOWtf0S0UvtoyVq95OTSGIALjZ4k2q/ag=="
    "resolved" "https://registry.npmmirror.com/@vue/compiler-ssr/download/@vue/compiler-ssr-3.2.26.tgz"
    "version" "3.2.26"
    dependencies:
      "@vue/compiler-dom" "3.2.26"
      "@vue/shared" "3.2.26"
  
  "@vue/devtools-api@^6.0.0-beta.11", "@vue/devtools-api@^6.0.0-beta.18":
    "integrity" "sha512-FqC4s3pm35qGVeXRGOjTsRzlkJjrBLriDS9YXbflHLsfA9FrcKzIyWnLXoNm+/7930E8rRakXuAc2QkC50swAw=="
    "resolved" "https://registry.npmmirror.com/@vue/devtools-api/download/@vue/devtools-api-6.0.0-beta.21.1.tgz"
    "version" "6.0.0-beta.21.1"
  
  "@vue/eslint-config-prettier@^6.0.0":
    "integrity" "sha512-wFQmv45c3ige5EA+ngijq40YpVcIkAy0Lihupnsnd1Dao5CBbPyfCzqtejFLZX1EwH/kCJdpz3t6s+5wd3+KxQ== sha1-rVkSswj0rkaEWOAqKwXbC50kZwA="
    "resolved" "https://registry.npmmirror.com/@vue/eslint-config-prettier/download/@vue/eslint-config-prettier-6.0.0.tgz"
    "version" "6.0.0"
    dependencies:
      "eslint-config-prettier" "^6.0.0"
  
  "@vue/reactivity-transform@3.2.26":
    "integrity" "sha512-XKMyuCmzNA7nvFlYhdKwD78rcnmPb7q46uoR00zkX6yZrUmcCQ5OikiwUEVbvNhL5hBJuvbSO95jB5zkUon+eQ=="
    "resolved" "https://registry.npmmirror.com/@vue/reactivity-transform/download/@vue/reactivity-transform-3.2.26.tgz"
    "version" "3.2.26"
    dependencies:
      "@babel/parser" "^7.16.4"
      "@vue/compiler-core" "3.2.26"
      "@vue/shared" "3.2.26"
      "estree-walker" "^2.0.2"
      "magic-string" "^0.25.7"
  
  "@vue/reactivity@3.2.26":
    "integrity" "sha512-h38bxCZLW6oFJVDlCcAiUKFnXI8xP8d+eO0pcDxx+7dQfSPje2AO6M9S9QO6MrxQB7fGP0DH0dYQ8ksf6hrXKQ=="
    "resolved" "https://registry.npmmirror.com/@vue/reactivity/download/@vue/reactivity-3.2.26.tgz"
    "version" "3.2.26"
    dependencies:
      "@vue/shared" "3.2.26"
  
  "@vue/runtime-core@3.2.26":
    "integrity" "sha512-BcYi7qZ9Nn+CJDJrHQ6Zsmxei2hDW0L6AB4vPvUQGBm2fZyC0GXd/4nVbyA2ubmuhctD5RbYY8L+5GUJszv9mQ=="
    "resolved" "https://registry.npmmirror.com/@vue/runtime-core/download/@vue/runtime-core-3.2.26.tgz"
    "version" "3.2.26"
    dependencies:
      "@vue/reactivity" "3.2.26"
      "@vue/shared" "3.2.26"
  
  "@vue/runtime-dom@3.2.26":
    "integrity" "sha512-dY56UIiZI+gjc4e8JQBwAifljyexfVCkIAu/WX8snh8vSOt/gMSEGwPRcl2UpYpBYeyExV8WCbgvwWRNt9cHhQ=="
    "resolved" "https://registry.npmmirror.com/@vue/runtime-dom/download/@vue/runtime-dom-3.2.26.tgz"
    "version" "3.2.26"
    dependencies:
      "@vue/runtime-core" "3.2.26"
      "@vue/shared" "3.2.26"
      "csstype" "^2.6.8"
  
  "@vue/server-renderer@3.2.26":
    "integrity" "sha512-Jp5SggDUvvUYSBIvYEhy76t4nr1vapY/FIFloWmQzn7UxqaHrrBpbxrqPcTrSgGrcaglj0VBp22BKJNre4aA1w=="
    "resolved" "https://registry.npmmirror.com/@vue/server-renderer/download/@vue/server-renderer-3.2.26.tgz"
    "version" "3.2.26"
    dependencies:
      "@vue/compiler-ssr" "3.2.26"
      "@vue/shared" "3.2.26"
  
  "@vue/shared@3.2.26":
    "integrity" "sha512-vPV6Cq+NIWbH5pZu+V+2QHE9y1qfuTq49uNWw4f7FDEeZaDU2H2cx5jcUZOAKW7qTrUS4k6qZPbMy1x4N96nbA=="
    "resolved" "https://registry.npmmirror.com/@vue/shared/download/@vue/shared-3.2.26.tgz"
    "version" "3.2.26"
  
  "@webassemblyjs/ast@1.11.1":
    "integrity" "sha1-K/12fq4aaZb0Mv9+jX/HVnnAtqc="
    "resolved" "https://registry.nlark.com/@webassemblyjs/ast/download/@webassemblyjs/ast-1.11.1.tgz?cache=0&sync_timestamp=1625473420080&other_urls=https%3A%2F%2Fregistry.nlark.com%2F%40webassemblyjs%2Fast%2Fdownload%2F%40webassemblyjs%2Fast-1.11.1.tgz"
    "version" "1.11.1"
    dependencies:
      "@webassemblyjs/helper-numbers" "1.11.1"
      "@webassemblyjs/helper-wasm-bytecode" "1.11.1"
  
  "@webassemblyjs/floating-point-hex-parser@1.11.1":
    "integrity" "sha1-9sYacF8P16auyqToGY8j2dwXnk8="
    "resolved" "https://registry.nlark.com/@webassemblyjs/floating-point-hex-parser/download/@webassemblyjs/floating-point-hex-parser-1.11.1.tgz"
    "version" "1.11.1"
  
  "@webassemblyjs/helper-api-error@1.11.1":
    "integrity" "sha1-GmMZLYeI5cASgAump6RscFKI/RY="
    "resolved" "https://registry.nlark.com/@webassemblyjs/helper-api-error/download/@webassemblyjs/helper-api-error-1.11.1.tgz?cache=0&sync_timestamp=1625473346773&other_urls=https%3A%2F%2Fregistry.nlark.com%2F%40webassemblyjs%2Fhelper-api-error%2Fdownload%2F%40webassemblyjs%2Fhelper-api-error-1.11.1.tgz"
    "version" "1.11.1"
  
  "@webassemblyjs/helper-buffer@1.11.1":
    "integrity" "sha1-gyqQDrREiEzemnytRn+BUA9eWrU="
    "resolved" "https://registry.nlark.com/@webassemblyjs/helper-buffer/download/@webassemblyjs/helper-buffer-1.11.1.tgz"
    "version" "1.11.1"
  
  "@webassemblyjs/helper-numbers@1.11.1":
    "integrity" "sha1-ZNgdohn7u6HjvRv8dPboxOEKYq4="
    "resolved" "https://registry.nlark.com/@webassemblyjs/helper-numbers/download/@webassemblyjs/helper-numbers-1.11.1.tgz?cache=0&sync_timestamp=1625473464260&other_urls=https%3A%2F%2Fregistry.nlark.com%2F%40webassemblyjs%2Fhelper-numbers%2Fdownload%2F%40webassemblyjs%2Fhelper-numbers-1.11.1.tgz"
    "version" "1.11.1"
    dependencies:
      "@webassemblyjs/floating-point-hex-parser" "1.11.1"
      "@webassemblyjs/helper-api-error" "1.11.1"
      "@xtuc/long" "4.2.2"
  
  "@webassemblyjs/helper-wasm-bytecode@1.11.1":
    "integrity" "sha1-8ygkHkHnsZnQsgwY6IQpxEMyleE="
    "resolved" "https://registry.nlark.com/@webassemblyjs/helper-wasm-bytecode/download/@webassemblyjs/helper-wasm-bytecode-1.11.1.tgz"
    "version" "1.11.1"
  
  "@webassemblyjs/helper-wasm-section@1.11.1":
    "integrity" "sha1-Ie4GWntjXzGec48N1zv72igcCXo="
    "resolved" "https://registry.nlark.com/@webassemblyjs/helper-wasm-section/download/@webassemblyjs/helper-wasm-section-1.11.1.tgz?cache=0&sync_timestamp=1625473466570&other_urls=https%3A%2F%2Fregistry.nlark.com%2F%40webassemblyjs%2Fhelper-wasm-section%2Fdownload%2F%40webassemblyjs%2Fhelper-wasm-section-1.11.1.tgz"
    "version" "1.11.1"
    dependencies:
      "@webassemblyjs/ast" "1.11.1"
      "@webassemblyjs/helper-buffer" "1.11.1"
      "@webassemblyjs/helper-wasm-bytecode" "1.11.1"
      "@webassemblyjs/wasm-gen" "1.11.1"
  
  "@webassemblyjs/ieee754@1.11.1":
    "integrity" "sha1-ljkp6bvQVwnn4SJDoJkYCBKZJhQ="
    "resolved" "https://registry.nlark.com/@webassemblyjs/ieee754/download/@webassemblyjs/ieee754-1.11.1.tgz"
    "version" "1.11.1"
    dependencies:
      "@xtuc/ieee754" "^1.2.0"
  
  "@webassemblyjs/leb128@1.11.1":
    "integrity" "sha1-zoFLRVdOk9drrh+yZEq5zdlSeqU="
    "resolved" "https://registry.nlark.com/@webassemblyjs/leb128/download/@webassemblyjs/leb128-1.11.1.tgz"
    "version" "1.11.1"
    dependencies:
      "@xtuc/long" "4.2.2"
  
  "@webassemblyjs/utf8@1.11.1":
    "integrity" "sha1-0fi3ZDaefG5rrjUOhU3smlnwo/8="
    "resolved" "https://registry.nlark.com/@webassemblyjs/utf8/download/@webassemblyjs/utf8-1.11.1.tgz"
    "version" "1.11.1"
  
  "@webassemblyjs/wasm-edit@1.11.1":
    "integrity" "sha1-rSBuv0v5WgWM6YgKjAksXeyBk9Y="
    "resolved" "https://registry.nlark.com/@webassemblyjs/wasm-edit/download/@webassemblyjs/wasm-edit-1.11.1.tgz?cache=0&sync_timestamp=1625473422937&other_urls=https%3A%2F%2Fregistry.nlark.com%2F%40webassemblyjs%2Fwasm-edit%2Fdownload%2F%40webassemblyjs%2Fwasm-edit-1.11.1.tgz"
    "version" "1.11.1"
    dependencies:
      "@webassemblyjs/ast" "1.11.1"
      "@webassemblyjs/helper-buffer" "1.11.1"
      "@webassemblyjs/helper-wasm-bytecode" "1.11.1"
      "@webassemblyjs/helper-wasm-section" "1.11.1"
      "@webassemblyjs/wasm-gen" "1.11.1"
      "@webassemblyjs/wasm-opt" "1.11.1"
      "@webassemblyjs/wasm-parser" "1.11.1"
      "@webassemblyjs/wast-printer" "1.11.1"
  
  "@webassemblyjs/wasm-gen@1.11.1":
    "integrity" "sha1-hsXqMEhJdZt9iMR6MvTwOa48j3Y="
    "resolved" "https://registry.nlark.com/@webassemblyjs/wasm-gen/download/@webassemblyjs/wasm-gen-1.11.1.tgz?cache=0&sync_timestamp=1625473464969&other_urls=https%3A%2F%2Fregistry.nlark.com%2F%40webassemblyjs%2Fwasm-gen%2Fdownload%2F%40webassemblyjs%2Fwasm-gen-1.11.1.tgz"
    "version" "1.11.1"
    dependencies:
      "@webassemblyjs/ast" "1.11.1"
      "@webassemblyjs/helper-wasm-bytecode" "1.11.1"
      "@webassemblyjs/ieee754" "1.11.1"
      "@webassemblyjs/leb128" "1.11.1"
      "@webassemblyjs/utf8" "1.11.1"
  
  "@webassemblyjs/wasm-opt@1.11.1":
    "integrity" "sha1-ZXtMIgL0zzs0X4pMZGHIwkGJhfI="
    "resolved" "https://registry.nlark.com/@webassemblyjs/wasm-opt/download/@webassemblyjs/wasm-opt-1.11.1.tgz?cache=0&sync_timestamp=1625473467198&other_urls=https%3A%2F%2Fregistry.nlark.com%2F%40webassemblyjs%2Fwasm-opt%2Fdownload%2F%40webassemblyjs%2Fwasm-opt-1.11.1.tgz"
    "version" "1.11.1"
    dependencies:
      "@webassemblyjs/ast" "1.11.1"
      "@webassemblyjs/helper-buffer" "1.11.1"
      "@webassemblyjs/wasm-gen" "1.11.1"
      "@webassemblyjs/wasm-parser" "1.11.1"
  
  "@webassemblyjs/wasm-parser@1.11.1":
    "integrity" "sha1-hspzRTT0F+m9PGfHocddi+QfsZk="
    "resolved" "https://registry.nlark.com/@webassemblyjs/wasm-parser/download/@webassemblyjs/wasm-parser-1.11.1.tgz?cache=0&sync_timestamp=1625473417746&other_urls=https%3A%2F%2Fregistry.nlark.com%2F%40webassemblyjs%2Fwasm-parser%2Fdownload%2F%40webassemblyjs%2Fwasm-parser-1.11.1.tgz"
    "version" "1.11.1"
    dependencies:
      "@webassemblyjs/ast" "1.11.1"
      "@webassemblyjs/helper-api-error" "1.11.1"
      "@webassemblyjs/helper-wasm-bytecode" "1.11.1"
      "@webassemblyjs/ieee754" "1.11.1"
      "@webassemblyjs/leb128" "1.11.1"
      "@webassemblyjs/utf8" "1.11.1"
  
  "@webassemblyjs/wast-printer@1.11.1":
    "integrity" "sha1-0Mc77ajuxUJvEK6O9VzuXnCEwvA="
    "resolved" "https://registry.nlark.com/@webassemblyjs/wast-printer/download/@webassemblyjs/wast-printer-1.11.1.tgz?cache=0&sync_timestamp=1625473465901&other_urls=https%3A%2F%2Fregistry.nlark.com%2F%40webassemblyjs%2Fwast-printer%2Fdownload%2F%40webassemblyjs%2Fwast-printer-1.11.1.tgz"
    "version" "1.11.1"
    dependencies:
      "@webassemblyjs/ast" "1.11.1"
      "@xtuc/long" "4.2.2"
  
  "@windicss/config@1.6.1":
    "integrity" "sha512-E4FKtWdYl5HwFknBQ+Z2JIF58TZiR4/ZiP8B30sfRxNlG6clh4agn5MJqTb4ER0MLkDb30Hugl2tGun0AQNbFw=="
    "resolved" "https://registry.npmmirror.com/@windicss/config/download/@windicss/config-1.6.1.tgz"
    "version" "1.6.1"
    dependencies:
      "debug" "^4.3.3"
      "jiti" "^1.12.9"
      "windicss" "^3.4.0"
  
  "@windicss/plugin-utils@1.6.1":
    "integrity" "sha512-hFQY27bOr9SSpekIvSwBpIX25nR4cwrU5/1kJFqCwAzqyazvd7U9c/iI1E2sTEQOkPbpTTJkY2Act21Q70oSDQ=="
    "resolved" "https://registry.npmmirror.com/@windicss/plugin-utils/download/@windicss/plugin-utils-1.6.1.tgz"
    "version" "1.6.1"
    dependencies:
      "@antfu/utils" "^0.3.0"
      "@windicss/config" "1.6.1"
      "debug" "^4.3.3"
      "fast-glob" "^3.2.7"
      "magic-string" "^0.25.7"
      "micromatch" "^4.0.4"
      "windicss" "^3.4.0"
  
  "@xtuc/ieee754@^1.2.0":
    "integrity" "sha1-7vAUoxRa5Hehy8AM0eVSM23Ot5A="
    "resolved" "https://registry.nlark.com/@xtuc/ieee754/download/@xtuc/ieee754-1.2.0.tgz"
    "version" "1.2.0"
  
  "@xtuc/long@4.2.2":
    "integrity" "sha1-0pHGpOl5ibXGHZrPOWrk/hM6cY0="
    "resolved" "https://registry.nlark.com/@xtuc/long/download/@xtuc/long-4.2.2.tgz"
    "version" "4.2.2"
  
  "acorn-import-assertions@^1.7.6":
    "integrity" "sha1-uitZOc5iwjjbbZPYHJsRGym4Vek="
    "resolved" "https://registry.npmmirror.com/acorn-import-assertions/download/acorn-import-assertions-1.8.0.tgz?cache=0&sync_timestamp=1633349660084&other_urls=https%3A%2F%2Fregistry.npmmirror.com%2Facorn-import-assertions%2Fdownload%2Facorn-import-assertions-1.8.0.tgz"
    "version" "1.8.0"
  
  "acorn-jsx@^5.3.1":
    "integrity" "sha512-rq9s+JNhf0IChjtDXxllJ7g41oZk5SlXtp0LHwyA5cejwn7vKmKp4pPri6YEePv2PU65sAsegbXtIinmDFDXgQ=="
    "resolved" "https://registry.npmmirror.com/acorn-jsx/download/acorn-jsx-5.3.2.tgz"
    "version" "5.3.2"
  
  "acorn@^6.0.0 || ^7.0.0 || ^8.0.0", "acorn@^8", "acorn@^8.4.1", "acorn@^8.5.0", "acorn@^8.7.0":
    "integrity" "sha512-V/LGr1APy+PXIwKebEWrkZPwoeoF+w1jiOBUmuxuiUIaOHtob8Qc9BTrYo7VuI5fR8tqsy+buA2WFooR5olqvQ=="
    "resolved" "https://registry.npmmirror.com/acorn/download/acorn-8.7.0.tgz"
    "version" "8.7.0"
  
  "ajv-keywords@^3.5.2":
    "integrity" "sha1-MfKdpatuANHC0yms97WSlhTVAU0="
    "resolved" "https://registry.npmmirror.com/ajv-keywords/download/ajv-keywords-3.5.2.tgz"
    "version" "3.5.2"
  
  "ajv@^6.10.0", "ajv@^6.12.4", "ajv@^6.12.5", "ajv@^6.9.1":
    "integrity" "sha512-j3fVLgvTo527anyYyJOGTYJbG+vnnQYvE0m5mmkc1TK+nxAppkCLMIL0aZ4dblVCNoGShhm+kzE4ZUykBoMg4g=="
    "resolved" "https://registry.npmmirror.com/ajv/download/ajv-6.12.6.tgz"
    "version" "6.12.6"
    dependencies:
      "fast-deep-equal" "^3.1.1"
      "fast-json-stable-stringify" "^2.0.0"
      "json-schema-traverse" "^0.4.1"
      "uri-js" "^4.2.2"
  
  "ansi-regex@^5.0.1":
    "integrity" "sha512-quJQXlTSUGL2LH9SUXo8VwsY4soanhgo6LNSm84E1LBcE8s3O0wpdiRzyR9z/ZZJMlMWv37qOOb9pdJlMUEKFQ== sha1-CCyyyJyf6GWaMRpTvWpNxTAdswQ="
    "resolved" "https://registry.nlark.com/ansi-regex/download/ansi-regex-5.0.1.tgz?cache=0&sync_timestamp=1631634988487&other_urls=https%3A%2F%2Fregistry.nlark.com%2Fansi-regex%2Fdownload%2Fansi-regex-5.0.1.tgz"
    "version" "5.0.1"
  
  "ansi-styles@^4.1.0":
    "integrity" "sha512-zbB9rCJAT1rbjiVDb2hqKFHNYLxgtk8NURxZ3IZwD3F6NtxbXZQCnnSi1Lkx+IDohdPlFp222wVALIheZJQSEg=="
    "resolved" "https://registry.npmmirror.com/ansi-styles/download/ansi-styles-4.3.0.tgz"
    "version" "4.3.0"
    dependencies:
      "color-convert" "^2.0.1"
  
  "anymatch@~3.1.2":
    "integrity" "sha512-P43ePfOAIupkguHUycrc4qJ9kz8ZiuOUijaETwX7THt0Y/GNK7v0aa8rY816xWjZ7rJdA5XdMcpVFTKMq+RvWg== sha1-wFV8CWrzLxBhmPT04qODU343hxY="
    "resolved" "https://registry.nlark.com/anymatch/download/anymatch-3.1.2.tgz"
    "version" "3.1.2"
    dependencies:
      "normalize-path" "^3.0.0"
      "picomatch" "^2.0.4"
  
  "argparse@^2.0.1":
    "integrity" "sha512-8+9WqebbFzpX9OR+Wa6O29asIogeRMzcGtAINdpMHHyAg10f05aSFVBbcEqGf/PXw1EjAZ+q2/bEBg3DvurK3Q== sha1-JG9Q88p4oyQPbJl+ipvR6sSeSzg="
    "resolved" "https://registry.nlark.com/argparse/download/argparse-2.0.1.tgz"
    "version" "2.0.1"
  
  "axios@^0.24.0":
    "integrity" "sha512-Q6cWsys88HoPgAaFAVUb0WpPk0O8iTeisR9IMqy9G8AbO4NlpVknrnQS03zzF9PGAWgO3cgletO3VjV/P7VztA=="
    "resolved" "https://registry.npmmirror.com/axios/download/axios-0.24.0.tgz"
    "version" "0.24.0"
    dependencies:
      "follow-redirects" "^1.14.4"
  
  "balanced-match@^1.0.0":
    "integrity" "sha512-3oSeUO0TMV67hN1AmbXsK4yaqU7tjiHlbxRDZOpH0KW9+CeX4bRAaX0Anxt0tx2MrpRpWwQaPwIlISEJhYU5Pw== sha1-6D46fj8wCzTLnYf2FfoMvzV2kO4="
    "resolved" "https://registry.npm.taobao.org/balanced-match/download/balanced-match-1.0.2.tgz"
    "version" "1.0.2"
  
  "binary-extensions@^2.0.0":
    "integrity" "sha512-jDctJ/IVQbZoJykoeHbhXpOlNBqGNcwXJKJog42E5HDPUwQTSdjCHdihjj0DlnheQ7blbT6dHOafNAiS8ooQKA== sha1-dfUC7q+f/eQvyYgpZFvk6na9ni0="
    "resolved" "https://registry.nlark.com/binary-extensions/download/binary-extensions-2.2.0.tgz"
    "version" "2.2.0"
  
  "brace-expansion@^1.1.7":
    "integrity" "sha512-iCuPHDFgrHX7H2vEI/5xpz07zSHB00TpugqhmYtVmMO6518mCuRMoOYFldEBl0g187ufozdaHgWKcYFb61qGiA== sha1-PH/L9SnYcibz0vUrlm/1Jx60Qd0="
    "resolved" "https://registry.npm.taobao.org/brace-expansion/download/brace-expansion-1.1.11.tgz"
    "version" "1.1.11"
    dependencies:
      "balanced-match" "^1.0.0"
      "concat-map" "0.0.1"
  
  "braces@^3.0.1", "braces@~3.0.2":
    "integrity" "sha512-b8um+L1RzM3WDSzvhm6gIz1yfTbBt6YTlcEKAvsmqCZZFw46z626lVj9j1yEPW33H5H+lBQpZMP1k8l+78Ha0A== sha1-NFThpGLujVmeI23zNs2epPiv4Qc="
    "resolved" "https://registry.nlark.com/braces/download/braces-3.0.2.tgz"
    "version" "3.0.2"
    dependencies:
      "fill-range" "^7.0.1"
  
  "browserslist@^4.14.5":
    "integrity" "sha512-u2tbbG5PdKRTUoctO3NBD8FQ5HdPh1ZXPHzp1rwaa5jTc+RV9/+RlWiAIKmjRPQF+xbGM9Kklj5bZQFa2s/38A=="
    "resolved" "https://registry.npmmirror.com/browserslist/download/browserslist-4.19.1.tgz"
    "version" "4.19.1"
    dependencies:
      "caniuse-lite" "^1.0.30001286"
      "electron-to-chromium" "^1.4.17"
      "escalade" "^3.1.1"
      "node-releases" "^2.0.1"
      "picocolors" "^1.0.0"
  
  "buffer-from@^1.0.0":
    "integrity" "sha1-KxRqb9cugLT1XSVfNe1Zo6mkG9U="
    "resolved" "https://registry.nlark.com/buffer-from/download/buffer-from-1.1.2.tgz"
    "version" "1.1.2"
  
  "callsites@^3.0.0":
    "integrity" "sha512-P8BjAsXvZS+VIDUI11hHCQEv74YT67YUi5JJFNWIqL235sBmjX4+qx9Muvls5ivyNENctx46xQLQ3aTuE7ssaQ== sha1-s2MKvYlDQy9Us/BRkjjjPNffL3M="
    "resolved" "https://registry.nlark.com/callsites/download/callsites-3.1.0.tgz?cache=0&sync_timestamp=1628464907898&other_urls=https%3A%2F%2Fregistry.nlark.com%2Fcallsites%2Fdownload%2Fcallsites-3.1.0.tgz"
    "version" "3.1.0"
  
  "caniuse-lite@^1.0.30001286":
    "integrity" "sha512-YYTMO+tfwvgUN+1ZnRViE53Ma1S/oETg+J2lISsqi/ZTNThj3ZYBOKP2rHwJc37oCsPqAzJ3w2puZHn0xlLPPw=="
    "resolved" "https://registry.npmmirror.com/caniuse-lite/download/caniuse-lite-1.0.30001302.tgz"
    "version" "1.0.30001302"
  
  "chalk@^4.0.0":
    "integrity" "sha512-oKnbhFyRIXpUuez8iBMmyEa4nbj4IOQyuhc/wy9kY7/WVPcwIO9VA668Pu8RkO7+0G76SLROeyw9CpQ061i4mA=="
    "resolved" "https://registry.npmmirror.com/chalk/download/chalk-4.1.2.tgz"
    "version" "4.1.2"
    dependencies:
      "ansi-styles" "^4.1.0"
      "supports-color" "^7.1.0"
  
  "chokidar@>=2.0.0 <4.0.0":
    "integrity" "sha512-ekGhOnNVPgT77r4K/U3GDhu+FQ2S8TnK/s2KbIGXi0SZWuwkZ2QNyfWdZW+TVfn84DpEP7rLeCt2UI6bJ8GwbQ=="
    "resolved" "https://registry.npmmirror.com/chokidar/download/chokidar-3.5.2.tgz"
    "version" "3.5.2"
    dependencies:
      "anymatch" "~3.1.2"
      "braces" "~3.0.2"
      "glob-parent" "~5.1.2"
      "is-binary-path" "~2.1.0"
      "is-glob" "~4.0.1"
      "normalize-path" "~3.0.0"
      "readdirp" "~3.6.0"
    optionalDependencies:
      "fsevents" "~2.3.2"
  
  "chrome-trace-event@^1.0.2":
    "integrity" "sha1-EBXs7UdB4V0GZkqVfbv1DQQeJqw="
    "resolved" "https://registry.nlark.com/chrome-trace-event/download/chrome-trace-event-1.0.3.tgz"
    "version" "1.0.3"
  
  "color-convert@^2.0.1":
    "integrity" "sha512-RRECPsj7iu/xb5oKYcsFHSppFNnsj/52OVTRKb4zP5onXwVF3zVmmToNcOfGC+CRDpfK/U584fMg38ZHCaElKQ== sha1-ctOmjVmMm9s68q0ehPIdiWq9TeM="
    "resolved" "https://registry.npmmirror.com/color-convert/download/color-convert-2.0.1.tgz"
    "version" "2.0.1"
    dependencies:
      "color-name" "~1.1.4"
  
  "color-name@~1.1.4":
    "integrity" "sha512-dOy+3AuW3a2wNbZHIuMZpTcgjGuLU/uBL/ubcZF9OXbDo8ff4O8yVp5Bf0efS8uEoYo5q4Fx7dY9OgQGXgAsQA== sha1-wqCah6y95pVD3m9j+jmVyCbFNqI="
    "resolved" "https://registry.nlark.com/color-name/download/color-name-1.1.4.tgz"
    "version" "1.1.4"
  
  "commander@^2.20.0":
    "integrity" "sha512-GpVkmM8vF2vQUkj2LvZmD35JxeJOLCwJ9cUkugyk2nuhbv3+mJvpLYYt+0+USMxE+oj+ey/lJEnhZw75x/OMcQ=="
    "resolved" "https://registry.npmmirror.com/commander/download/commander-2.20.3.tgz"
    "version" "2.20.3"
  
  "concat-map@0.0.1":
    "integrity" "sha1-2Klr13/Wjfd5OnMDajug1UBdR3s="
    "resolved" "https://registry.nlark.com/concat-map/download/concat-map-0.0.1.tgz"
    "version" "0.0.1"
  
  "copy-anything@^2.0.1":
    "integrity" "sha512-GK6QUtisv4fNS+XcI7shX0Gx9ORg7QqIznyfho79JTnX1XhLiyZHfftvGiziqzRiEi/Bjhgpi+D2o7HxJFPnDQ== sha1-hCQHugJGaw34RIGbvjuuu+XUXYc="
    "resolved" "https://registry.npmmirror.com/copy-anything/download/copy-anything-2.0.3.tgz"
    "version" "2.0.3"
    dependencies:
      "is-what" "^3.12.0"
  
  "cos-js-sdk-v5@^1.3.5":
    "integrity" "sha512-PT5o40bXMIJ2A4AKPXRuZsRmN46xYa5XD4zR3mGpaBpRCkh5bnd/gCUoiZMlwH6DBSAmlIU3kxmLIsVgzLJ3KQ=="
    "resolved" "https://registry.npmmirror.com/cos-js-sdk-v5/-/cos-js-sdk-v5-1.3.5.tgz"
    "version" "1.3.5"
    dependencies:
      "xmldom" "^0.1.31"
  
  "cross-spawn@^7.0.2":
    "integrity" "sha512-iRDPJKUPVEND7dHPO8rkbOnPpyDygcDFtWjpeWNCgy8WP2rXcxXL8TskReQl6OrB2G7+UJrags1q15Fudc7G6w== sha1-9zqFudXUHQRVUcF34ogtSshXKKY="
    "resolved" "https://registry.npmmirror.com/cross-spawn/download/cross-spawn-7.0.3.tgz"
    "version" "7.0.3"
    dependencies:
      "path-key" "^3.1.0"
      "shebang-command" "^2.0.0"
      "which" "^2.0.1"
  
  "csstype@^2.6.8":
    "integrity" "sha512-ZVxXaNy28/k3kJg0Fou5MiYpp88j7H9hLZp8PDC3jV0WFjfH5E9xHb56L0W59cPbKbcHXeP4qyT8PrHp8t6LcQ=="
    "resolved" "https://registry.npmmirror.com/csstype/download/csstype-2.6.19.tgz"
    "version" "2.6.19"
  
  "debug@^3.2.6":
    "integrity" "sha512-CFjzYYAi4ThfiQvizrFQevTTXHtnCqWfe7x1AhgEscTz6ZbLbfoLRLPugTQyBth6f8ZERVUSyWHFD/7Wu4t1XQ=="
    "resolved" "https://registry.npmmirror.com/debug/download/debug-3.2.7.tgz"
    "version" "3.2.7"
    dependencies:
      "ms" "^2.1.1"
  
  "debug@^4.1.1", "debug@^4.3.2", "debug@^4.3.3":
    "integrity" "sha512-/zxw5+vh1Tfv+4Qn7a5nsbcJKPaSvCDhojn6FEl9vupwK2VCSDtEiEtqr8DFtzYFOdz63LBkxec7DYuc2jon6Q=="
    "resolved" "https://registry.npmmirror.com/debug/download/debug-4.3.3.tgz"
    "version" "4.3.3"
    dependencies:
      "ms" "2.1.2"
  
  "deep-is@^0.1.3":
    "integrity" "sha512-oIPzksmTg4/MriiaYGO+okXDT7ztn/w3Eptv/+gSIdMdKsJo0u4CfYNFJPy+4SKMuCqGw2wxnA+URMg3t8a/bQ== sha1-pvLc5hL63S7x9Rm3NVHxfoUZmDE="
    "resolved" "https://registry.nlark.com/deep-is/download/deep-is-0.1.4.tgz"
    "version" "0.1.4"
  
  "doctrine@^3.0.0":
    "integrity" "sha512-yS+Q5i3hBf7GBkd4KG8a7eBNNWNGLTaEwwYWUijIYM7zrlYDM0BFXHjjPWlWZ1Rg7UaddZeIDmi9jF3HmqiQ2w== sha1-rd6+rXKmV023g2OdyHoSF3OXOWE="
    "resolved" "https://registry.nlark.com/doctrine/download/doctrine-3.0.0.tgz"
    "version" "3.0.0"
    dependencies:
      "esutils" "^2.0.2"
  
  "electron-to-chromium@^1.4.17":
    "integrity" "sha512-rFveSKQczlcav+H3zkKqykU6ANseFwXwkl855jOIap5/0gnEcuIhv2ecz6aoTrXavF6I/CEBeRnBnkB51k06ew=="
    "resolved" "https://registry.npmmirror.com/electron-to-chromium/download/electron-to-chromium-1.4.53.tgz"
    "version" "1.4.53"
  
  "enhanced-resolve@^5.8.3":
    "integrity" "sha1-bVUtRlzOBCP1s9cYUR6lOCansvA="
    "resolved" "https://registry.nlark.com/enhanced-resolve/download/enhanced-resolve-5.8.3.tgz"
    "version" "5.8.3"
    dependencies:
      "graceful-fs" "^4.2.4"
      "tapable" "^2.2.0"
  
  "errno@^0.1.1":
    "integrity" "sha512-dJ6oBr5SQ1VSd9qkk7ByRgb/1SH4JZjCHSW/mr63/QcXO9zLVxvJ6Oy13nio03rxpSnVDDjFor75SjVeZWPW/A== sha1-i7Ppx9Rjvkl2/4iPdrSAnrwugR8="
    "resolved" "https://registry.nlark.com/errno/download/errno-0.1.8.tgz"
    "version" "0.1.8"
    dependencies:
      "prr" "~1.0.1"
  
  "es-module-lexer@^0.9.0":
    "integrity" "sha1-bxPbAMw4QXE32vdDZvU1yOtDjxk="
    "resolved" "https://registry.npmmirror.com/es-module-lexer/download/es-module-lexer-0.9.3.tgz?cache=0&sync_timestamp=1633645560577&other_urls=https%3A%2F%2Fregistry.npmmirror.com%2Fes-module-lexer%2Fdownload%2Fes-module-lexer-0.9.3.tgz"
    "version" "0.9.3"
  
  "esbuild-windows-64@0.13.15":
    "integrity" "sha512-9aMsPRGDWCd3bGjUIKG/ZOJPKsiztlxl/Q3C1XDswO6eNX/Jtwu4M+jb6YDH9hRSUflQWX0XKAfWzgy5Wk54JQ=="
    "resolved" "https://registry.npmmirror.com/esbuild-windows-64/download/esbuild-windows-64-0.13.15.tgz"
    "version" "0.13.15"
  
  "esbuild@^0.13.12":
    "integrity" "sha512-raCxt02HBKv8RJxE8vkTSCXGIyKHdEdGfUmiYb8wnabnaEmHzyW7DCHb5tEN0xU8ryqg5xw54mcwnYkC4x3AIw=="
    "resolved" "https://registry.npmmirror.com/esbuild/download/esbuild-0.13.15.tgz"
    "version" "0.13.15"
    optionalDependencies:
      "esbuild-android-arm64" "0.13.15"
      "esbuild-darwin-64" "0.13.15"
      "esbuild-darwin-arm64" "0.13.15"
      "esbuild-freebsd-64" "0.13.15"
      "esbuild-freebsd-arm64" "0.13.15"
      "esbuild-linux-32" "0.13.15"
      "esbuild-linux-64" "0.13.15"
      "esbuild-linux-arm" "0.13.15"
      "esbuild-linux-arm64" "0.13.15"
      "esbuild-linux-mips64le" "0.13.15"
      "esbuild-linux-ppc64le" "0.13.15"
      "esbuild-netbsd-64" "0.13.15"
      "esbuild-openbsd-64" "0.13.15"
      "esbuild-sunos-64" "0.13.15"
      "esbuild-windows-32" "0.13.15"
      "esbuild-windows-64" "0.13.15"
      "esbuild-windows-arm64" "0.13.15"
  
  "escalade@^3.1.1":
    "integrity" "sha1-2M/ccACWXFoBdLSoLqpcBVJ0LkA="
    "resolved" "https://registry.nlark.com/escalade/download/escalade-3.1.1.tgz"
    "version" "3.1.1"
  
  "escape-string-regexp@^4.0.0":
    "integrity" "sha512-TtpcNJ3XAzx3Gq8sWRzJaVajRs0uVxA2YAkdb1jm2YkPz4G6egUFAyA3n5vtEIZefPk5Wa4UXbKuS5fKkJWdgA== sha1-FLqDpdNz49MR5a/KKc9b+tllvzQ="
    "resolved" "https://registry.nlark.com/escape-string-regexp/download/escape-string-regexp-4.0.0.tgz"
    "version" "4.0.0"
  
  "eslint-config-prettier@^6.0.0":
    "integrity" "sha512-a1+kOYLR8wMGustcgAjdydMsQ2A/2ipRPwRKUmfYaSxc9ZPcrku080Ctl6zrZzZNs/U82MjSv+qKREkoq3bJaw== sha1-f5P2y31FqS8VN6cOzAY2bhrG/tk="
    "resolved" "https://registry.nlark.com/eslint-config-prettier/download/eslint-config-prettier-6.15.0.tgz?cache=0&sync_timestamp=1624608052228&other_urls=https%3A%2F%2Fregistry.nlark.com%2Feslint-config-prettier%2Fdownload%2Feslint-config-prettier-6.15.0.tgz"
    "version" "6.15.0"
    dependencies:
      "get-stdin" "^6.0.0"
  
  "eslint-config-prettier@^8.3.0":
    "integrity" "sha512-BgZuLUSeKzvlL/VUjx/Yb787VQ26RU3gGjA3iiFvdsp/2bMfVIWUVP7tjxtjS0e+HP409cPlPvNkQloz8C91ew== sha1-90cbILb+ipqSVMxoRFQgKIai3Xo="
    "resolved" "https://registry.nlark.com/eslint-config-prettier/download/eslint-config-prettier-8.3.0.tgz?cache=0&sync_timestamp=1624608052228&other_urls=https%3A%2F%2Fregistry.nlark.com%2Feslint-config-prettier%2Fdownload%2Feslint-config-prettier-8.3.0.tgz"
    "version" "8.3.0"
  
  "eslint-plugin-prettier@^3.1.0", "eslint-plugin-prettier@^4.0.0":
    "integrity" "sha512-98MqmCJ7vJodoQK359bqQWaxOE0CS8paAz/GgjaZLyex4TTk3g9HugoO89EqWCrFiOqn9EVvcoo7gZzONCWVwQ== sha1-i5nR5LiySnYkcrRWeZICNhnLmOA="
    "resolved" "https://registry.npmmirror.com/eslint-plugin-prettier/download/eslint-plugin-prettier-4.0.0.tgz"
    "version" "4.0.0"
    dependencies:
      "prettier-linter-helpers" "^1.0.0"
  
  "eslint-plugin-vue@^8.3.0":
    "integrity" "sha512-IIuLHw4vQxGlHcoP2dG6t/2OVdQf2qoyAzEGAxreU1afZOHGA7y3TWq8I+r3ZA6Wjs6xpeUWGHlT31QGr9Rb5g=="
    "resolved" "https://registry.npmmirror.com/eslint-plugin-vue/download/eslint-plugin-vue-8.3.0.tgz"
    "version" "8.3.0"
    dependencies:
      "eslint-utils" "^3.0.0"
      "natural-compare" "^1.4.0"
      "semver" "^7.3.5"
      "vue-eslint-parser" "^8.0.1"
  
  "eslint-scope@^6.0.0":
    "integrity" "sha512-uRDL9MWmQCkaFus8RF5K9/L/2fn+80yoW3jkD53l4shjCh26fCtvJGasxjUqP5OT87SYTxCVA3BwTUzuELx9kA== sha1-nPRbE8Wsjz1MUPRqUSH2Gz4xiXg="
    "resolved" "https://registry.npmmirror.com/eslint-scope/download/eslint-scope-6.0.0.tgz?cache=0&sync_timestamp=1637466963861&other_urls=https%3A%2F%2Fregistry.npmmirror.com%2Feslint-scope%2Fdownload%2Feslint-scope-6.0.0.tgz"
    "version" "6.0.0"
    dependencies:
      "esrecurse" "^4.3.0"
      "estraverse" "^5.2.0"
  
  "eslint-scope@^7.1.0":
    "integrity" "sha512-aWwkhnS0qAXqNOgKOK0dJ2nvzEbhEvpy8OlJ9kZ0FeZnA6zpjv1/Vei+puGFFX7zkPCkHHXb7IDX3A+7yPrRWg=="
    "resolved" "https://registry.npmmirror.com/eslint-scope/download/eslint-scope-7.1.0.tgz?cache=0&sync_timestamp=1637466963861&other_urls=https%3A%2F%2Fregistry.npmmirror.com%2Feslint-scope%2Fdownload%2Feslint-scope-7.1.0.tgz"
    "version" "7.1.0"
    dependencies:
      "esrecurse" "^4.3.0"
      "estraverse" "^5.2.0"
  
  "eslint-scope@5.1.1":
    "integrity" "sha1-54blmmbLkrP2wfsNUIqrF0hI9Iw="
    "resolved" "https://registry.npmmirror.com/eslint-scope/download/eslint-scope-5.1.1.tgz?cache=0&sync_timestamp=1637466963861&other_urls=https%3A%2F%2Fregistry.npmmirror.com%2Feslint-scope%2Fdownload%2Feslint-scope-5.1.1.tgz"
    "version" "5.1.1"
    dependencies:
      "esrecurse" "^4.3.0"
      "estraverse" "^4.1.1"
  
  "eslint-utils@^3.0.0":
    "integrity" "sha512-uuQC43IGctw68pJA1RgbQS8/NP7rch6Cwd4j3ZBtgo4/8Flj4eGE7ZYSZRN3iq5pVUv6GPdW5Z1RFleo84uLDA== sha1-iuuvrOc0W7M1WdsKHxOh0tSMNnI="
    "resolved" "https://registry.nlark.com/eslint-utils/download/eslint-utils-3.0.0.tgz?cache=0&sync_timestamp=1624608042629&other_urls=https%3A%2F%2Fregistry.nlark.com%2Feslint-utils%2Fdownload%2Feslint-utils-3.0.0.tgz"
    "version" "3.0.0"
    dependencies:
      "eslint-visitor-keys" "^2.0.0"
  
  "eslint-visitor-keys@^2.0.0":
    "integrity" "sha512-0rSmRBzXgDzIsD6mGdJgevzgezI534Cer5L/vyMX0kHzT/jiB43jRhd9YUlMGYLQy2zprNmoT8qasCGtY+QaKw== sha1-9lMoJZMFknOSyTjtROsKXJsr0wM="
    "resolved" "https://registry.npmmirror.com/eslint-visitor-keys/download/eslint-visitor-keys-2.1.0.tgz"
    "version" "2.1.0"
  
  "eslint-visitor-keys@^3.0.0", "eslint-visitor-keys@^3.1.0", "eslint-visitor-keys@^3.2.0":
    "integrity" "sha512-IOzT0X126zn7ALX0dwFiUQEdsfzrm4+ISsQS8nukaJXwEyYKRSnEIIDULYg1mCtGp7UUXgfGl7BIolXREQK+XQ=="
    "resolved" "https://registry.npmmirror.com/eslint-visitor-keys/download/eslint-visitor-keys-3.2.0.tgz"
    "version" "3.2.0"
  
  "eslint@^6.2.0 || ^7.0.0 || ^8.0.0", "eslint@^8.7.0", "eslint@>= 5.0.0", "eslint@>=3.14.1", "eslint@>=5", "eslint@>=6.0.0", "eslint@>=7.0.0", "eslint@>=7.28.0":
    "integrity" "sha512-ifHYzkBGrzS2iDU7KjhCAVMGCvF6M3Xfs8X8b37cgrUlDt6bWRTpRh6T/gtSXv1HJ/BUGgmjvNvOEGu85Iif7w=="
    "resolved" "https://registry.npmmirror.com/eslint/download/eslint-8.7.0.tgz"
    "version" "8.7.0"
    dependencies:
      "@eslint/eslintrc" "^1.0.5"
      "@humanwhocodes/config-array" "^0.9.2"
      "ajv" "^6.10.0"
      "chalk" "^4.0.0"
      "cross-spawn" "^7.0.2"
      "debug" "^4.3.2"
      "doctrine" "^3.0.0"
      "escape-string-regexp" "^4.0.0"
      "eslint-scope" "^7.1.0"
      "eslint-utils" "^3.0.0"
      "eslint-visitor-keys" "^3.2.0"
      "espree" "^9.3.0"
      "esquery" "^1.4.0"
      "esutils" "^2.0.2"
      "fast-deep-equal" "^3.1.3"
      "file-entry-cache" "^6.0.1"
      "functional-red-black-tree" "^1.0.1"
      "glob-parent" "^6.0.1"
      "globals" "^13.6.0"
      "ignore" "^5.2.0"
      "import-fresh" "^3.0.0"
      "imurmurhash" "^0.1.4"
      "is-glob" "^4.0.0"
      "js-yaml" "^4.1.0"
      "json-stable-stringify-without-jsonify" "^1.0.1"
      "levn" "^0.4.1"
      "lodash.merge" "^4.6.2"
      "minimatch" "^3.0.4"
      "natural-compare" "^1.4.0"
      "optionator" "^0.9.1"
      "regexpp" "^3.2.0"
      "strip-ansi" "^6.0.1"
      "strip-json-comments" "^3.1.0"
      "text-table" "^0.2.0"
      "v8-compile-cache" "^2.0.3"
  
  "espree@^9.0.0", "espree@^9.2.0", "espree@^9.3.0":
    "integrity" "sha512-d/5nCsb0JcqsSEeQzFZ8DH1RmxPcglRWh24EFTlUEmCKoehXGdpsx0RkHDubqUI8LSAIKMQp4r9SzQ3n+sm4HQ=="
    "resolved" "https://registry.npmmirror.com/espree/download/espree-9.3.0.tgz"
    "version" "9.3.0"
    dependencies:
      "acorn" "^8.7.0"
      "acorn-jsx" "^5.3.1"
      "eslint-visitor-keys" "^3.1.0"
  
  "esquery@^1.4.0":
    "integrity" "sha512-cCDispWt5vHHtwMY2YrAQ4ibFkAL8RbH5YGBnZBc90MolvvfkkQcJro/aZiAQUlQ3qgrYS6D6v8Gc5G5CQsc9w== sha1-IUj/w4uC6McFff7UhCWz5h8PJKU="
    "resolved" "https://registry.nlark.com/esquery/download/esquery-1.4.0.tgz"
    "version" "1.4.0"
    dependencies:
      "estraverse" "^5.1.0"
  
  "esrecurse@^4.3.0":
    "integrity" "sha512-KmfKL3b6G+RXvP8N1vr3Tq1kL/oCFgn2NYXEtqP8/L3pKapUA4G8cFVaoF3SU323CD4XypR/ffioHmkti6/Tag== sha1-eteWTWeauyi+5yzsY3WLHF0smSE="
    "resolved" "https://registry.nlark.com/esrecurse/download/esrecurse-4.3.0.tgz"
    "version" "4.3.0"
    dependencies:
      "estraverse" "^5.2.0"
  
  "estraverse@^4.1.1":
    "integrity" "sha1-OYrT88WiSUi+dyXoPRGn3ijNvR0="
    "resolved" "https://registry.npmmirror.com/estraverse/download/estraverse-4.3.0.tgz?cache=0&sync_timestamp=1635237716974&other_urls=https%3A%2F%2Fregistry.npmmirror.com%2Festraverse%2Fdownload%2Festraverse-4.3.0.tgz"
    "version" "4.3.0"
  
  "estraverse@^5.1.0", "estraverse@^5.2.0":
    "integrity" "sha512-MMdARuVEQziNTeJD8DgMqmhwR11BRQ/cBP+pLtYdSTnf3MIO8fFeiINEbX36ZdNlfU/7A9f3gUw49B3oQsvwBA== sha1-LupSkHAvJquP5TcDcP+GyWXSESM="
    "resolved" "https://registry.npmmirror.com/estraverse/download/estraverse-5.3.0.tgz?cache=0&sync_timestamp=1635237716974&other_urls=https%3A%2F%2Fregistry.npmmirror.com%2Festraverse%2Fdownload%2Festraverse-5.3.0.tgz"
    "version" "5.3.0"
  
  "estree-walker@^2.0.2":
    "integrity" "sha512-Rfkk/Mp/DL7JVje3u18FxFujQlTNR2q6QfMSMB7AvCBx91NGj/ba3kCfza0f6dVDbw7YlRf/nDrn7pQrCCyQ/w== sha1-UvAQF4wqTBF6d1fP6UKtt9LaTKw="
    "resolved" "https://registry.npmmirror.com/estree-walker/download/estree-walker-2.0.2.tgz"
    "version" "2.0.2"
  
  "esutils@^2.0.2":
    "integrity" "sha512-kVscqXk4OCp68SZ0dkgEKVi6/8ij300KBWTJq32P/dYeWTSwK41WyTxalN1eRmA5Z9UU/LX9D7FWSmV9SAYx6g== sha1-dNLrTeC42hKTcRkQ1Qd1ubcQ72Q="
    "resolved" "https://registry.nlark.com/esutils/download/esutils-2.0.3.tgz"
    "version" "2.0.3"
  
  "events@^3.2.0":
    "integrity" "sha1-Mala0Kkk4tLEGagTrrLE6HjqdAA="
    "resolved" "https://registry.npmmirror.com/events/download/events-3.3.0.tgz?cache=0&sync_timestamp=1636449286836&other_urls=https%3A%2F%2Fregistry.npmmirror.com%2Fevents%2Fdownload%2Fevents-3.3.0.tgz"
    "version" "3.3.0"
  
  "fast-deep-equal@^3.1.1", "fast-deep-equal@^3.1.3":
    "integrity" "sha512-f3qQ9oQy9j2AhBe/H9VC91wLmKBCCU/gDOnKNAYG5hswO7BLKj09Hc5HYNz9cGI++xlpDCIgDaitVs03ATR84Q== sha1-On1WtVnWy8PrUSMlJE5hmmXGxSU="
    "resolved" "https://registry.nlark.com/fast-deep-equal/download/fast-deep-equal-3.1.3.tgz"
    "version" "3.1.3"
  
  "fast-diff@^1.1.2":
    "integrity" "sha512-xJuoT5+L99XlZ8twedaRf6Ax2TgQVxvgZOYoPKqZufmJib0tL2tegPBOZb1pVNgIhlqDlA0eO0c3wBvQcmzx4w== sha1-c+4RmC2Gyq95WYKNUZz+kn+sXwM="
    "resolved" "https://registry.nlark.com/fast-diff/download/fast-diff-1.2.0.tgz"
    "version" "1.2.0"
  
  "fast-glob@^3.2.7":
    "integrity" "sha512-rYGMRwip6lUMvYD3BTScMwT1HtAs2d71SMv66Vrxs0IekGZEjhM0pcMfjQPnknBt2zeCwQMEupiN02ZP4DiT1Q== sha1-/Wy3otfpqnp4RhEehaGW1rL3ZqE="
    "resolved" "https://registry.npmmirror.com/fast-glob/download/fast-glob-3.2.7.tgz"
    "version" "3.2.7"
    dependencies:
      "@nodelib/fs.stat" "^2.0.2"
      "@nodelib/fs.walk" "^1.2.3"
      "glob-parent" "^5.1.2"
      "merge2" "^1.3.0"
      "micromatch" "^4.0.4"
  
  "fast-json-stable-stringify@^2.0.0":
    "integrity" "sha512-lhd/wF+Lk98HZoTCtlVraHtfh5XYijIjalXck7saUtuanSDyLMxnHhSXEDJqHxD7msR8D0uCmqlkwjCV8xvwHw== sha1-h0v2nG9ATCtdmcSBNBOZ/VWJJjM="
    "resolved" "https://registry.npm.taobao.org/fast-json-stable-stringify/download/fast-json-stable-stringify-2.1.0.tgz"
    "version" "2.1.0"
  
  "fast-levenshtein@^2.0.6":
    "integrity" "sha1-PYpcZog6FqMMqGQ+hR8Zuqd5eRc="
    "resolved" "https://registry.nlark.com/fast-levenshtein/download/fast-levenshtein-2.0.6.tgz"
    "version" "2.0.6"
  
  "fastq@^1.6.0":
    "integrity" "sha512-YpkpUnK8od0o1hmeSc7UUs/eB/vIPWJYjKck2QKIzAf71Vm1AAQ3EbuZB3g2JIy+pg+ERD0vqI79KyZiB2e2Nw== sha1-YWdg+Ip1Jr38WWt8q4wYk4w2uYw="
    "resolved" "https://registry.nlark.com/fastq/download/fastq-1.13.0.tgz?cache=0&sync_timestamp=1631609698424&other_urls=https%3A%2F%2Fregistry.nlark.com%2Ffastq%2Fdownload%2Ffastq-1.13.0.tgz"
    "version" "1.13.0"
    dependencies:
      "reusify" "^1.0.4"
  
  "file-entry-cache@^6.0.1":
    "integrity" "sha512-7Gps/XWymbLk2QLYK4NzpMOrYjMhdIxXuIvy2QBsLE6ljuodKvdkWs/cpyJJ3CVIVpH0Oi1Hvg1ovbMzLdFBBg== sha1-IRst2WWcsDlLBz5zI6w8kz1SICc="
    "resolved" "https://registry.nlark.com/file-entry-cache/download/file-entry-cache-6.0.1.tgz"
    "version" "6.0.1"
    dependencies:
      "flat-cache" "^3.0.4"
  
  "fill-range@^7.0.1":
    "integrity" "sha512-qOo9F+dMUmC2Lcb4BbVvnKJxTPjCm+RRpe4gDuGrzkL7mEVl/djYSu2OdQ2Pa302N4oqkSg9ir6jaLWJ2USVpQ== sha1-GRmmp8df44ssfHflGYU12prN2kA="
    "resolved" "https://registry.nlark.com/fill-range/download/fill-range-7.0.1.tgz"
    "version" "7.0.1"
    dependencies:
      "to-regex-range" "^5.0.1"
  
  "flat-cache@^3.0.4":
    "integrity" "sha512-dm9s5Pw7Jc0GvMYbshN6zchCA9RgQlzzEZX3vylR9IqFfS8XciblUXOKfW6SiuJ0e13eDYZoZV5wdrev7P3Nwg== sha1-YbAzgwKy/p+Vfcwy/CqH8cMEixE="
    "resolved" "https://registry.nlark.com/flat-cache/download/flat-cache-3.0.4.tgz"
    "version" "3.0.4"
    dependencies:
      "flatted" "^3.1.0"
      "rimraf" "^3.0.2"
  
  "flatted@^3.1.0":
    "integrity" "sha512-8/sOawo8tJ4QOBX8YlQBMxL8+RLZfxMQOif9o0KUKTNTjMYElWPE0r/m5VNFxTRd0NSw8qSy8dajrwX4RYI1Hw=="
    "resolved" "https://registry.npmmirror.com/flatted/download/flatted-3.2.4.tgz?cache=0&sync_timestamp=1636473923308&other_urls=https%3A%2F%2Fregistry.npmmirror.com%2Fflatted%2Fdownload%2Fflatted-3.2.4.tgz"
    "version" "3.2.4"
  
  "follow-redirects@^1.14.4":
    "integrity" "sha512-fhUl5EwSJbbl8AR+uYL2KQDxLkdSjZGR36xy46AO7cOMTrCMON6Sa28FmAnC2tRTDbd/Uuzz3aJBv7EBN7JH8A=="
    "resolved" "https://registry.npmmirror.com/follow-redirects/download/follow-redirects-1.14.6.tgz"
    "version" "1.14.6"
  
  "fs.realpath@^1.0.0":
    "integrity" "sha1-FQStJSMVjKpA20onh8sBQRmU6k8="
    "resolved" "https://registry.nlark.com/fs.realpath/download/fs.realpath-1.0.0.tgz"
    "version" "1.0.0"
  
  "function-bind@^1.1.1":
    "integrity" "sha512-yIovAzMX49sF8Yl58fSCWJ5svSLuaibPxXQJFLmBObTuCr0Mf1KiPopGM9NiFjiYBCbfaa2Fh6breQ6ANVTI0A== sha1-pWiZ0+o8m6uHS7l3O3xe3pL0iV0="
    "resolved" "https://registry.nlark.com/function-bind/download/function-bind-1.1.1.tgz"
    "version" "1.1.1"
  
  "functional-red-black-tree@^1.0.1":
    "integrity" "sha1-GwqzvVU7Kg1jmdKcDj6gslIHgyc="
    "resolved" "https://registry.nlark.com/functional-red-black-tree/download/functional-red-black-tree-1.0.1.tgz"
    "version" "1.0.1"
  
  "get-stdin@^6.0.0":
    "integrity" "sha512-jp4tHawyV7+fkkSKyvjuLZswblUtz+SQKzSWnBbii16BuZksJlU1wuBYXY75r+duh/llF1ur6oNwi+2ZzjKZ7g== sha1-ngm/cSs2CrkiXoEgSPcf3pyJZXs="
    "resolved" "https://registry.npm.taobao.org/get-stdin/download/get-stdin-6.0.0.tgz?cache=0&sync_timestamp=1618557624027&other_urls=https%3A%2F%2Fregistry.npm.taobao.org%2Fget-stdin%2Fdownload%2Fget-stdin-6.0.0.tgz"
    "version" "6.0.0"
  
  "glob-parent@^5.1.2":
    "integrity" "sha512-AOIgSQCepiJYwP3ARnGx+5VnTu2HBYdzbGP45eLw1vr3zB3vZLeyed1sC9hnbcOc9/SrMyM5RPQrkGz4aS9Zow== sha1-hpgyxYA0/mikCTwX3BXoNA2EAcQ="
    "resolved" "https://registry.npmmirror.com/glob-parent/download/glob-parent-5.1.2.tgz?cache=0&sync_timestamp=1632954501757&other_urls=https%3A%2F%2Fregistry.npmmirror.com%2Fglob-parent%2Fdownload%2Fglob-parent-5.1.2.tgz"
    "version" "5.1.2"
    dependencies:
      "is-glob" "^4.0.1"
  
  "glob-parent@^6.0.1":
    "integrity" "sha512-XxwI8EOhVQgWp6iDL+3b0r86f4d6AX6zSU55HfB4ydCEuXLXc5FcYeOu+nnGftS4TEju/11rt4KJPTMgbfmv4A== sha1-bSN9mQg5UMeSkPJMdkKj3poo+eM="
    "resolved" "https://registry.npmmirror.com/glob-parent/download/glob-parent-6.0.2.tgz?cache=0&sync_timestamp=1632954501757&other_urls=https%3A%2F%2Fregistry.npmmirror.com%2Fglob-parent%2Fdownload%2Fglob-parent-6.0.2.tgz"
    "version" "6.0.2"
    dependencies:
      "is-glob" "^4.0.3"
  
  "glob-parent@~5.1.2":
    "integrity" "sha512-AOIgSQCepiJYwP3ARnGx+5VnTu2HBYdzbGP45eLw1vr3zB3vZLeyed1sC9hnbcOc9/SrMyM5RPQrkGz4aS9Zow== sha1-hpgyxYA0/mikCTwX3BXoNA2EAcQ="
    "resolved" "https://registry.npmmirror.com/glob-parent/download/glob-parent-5.1.2.tgz?cache=0&sync_timestamp=1632954501757&other_urls=https%3A%2F%2Fregistry.npmmirror.com%2Fglob-parent%2Fdownload%2Fglob-parent-5.1.2.tgz"
    "version" "5.1.2"
    dependencies:
      "is-glob" "^4.0.1"
  
  "glob-to-regexp@^0.4.1":
    "integrity" "sha1-x1KXCHyFG5pXi9IX3VmpL1n+VG4="
    "resolved" "https://registry.nlark.com/glob-to-regexp/download/glob-to-regexp-0.4.1.tgz"
    "version" "0.4.1"
  
  "glob@^7.1.3":
    "integrity" "sha512-lmLf6gtyrPq8tTjSmrO94wBeQbFR3HbLHbuyD69wuyQkImp2hWqMGB47OX65FBkPffO641IP9jWa1z4ivqG26Q=="
    "resolved" "https://registry.npmmirror.com/glob/download/glob-7.2.0.tgz"
    "version" "7.2.0"
    dependencies:
      "fs.realpath" "^1.0.0"
      "inflight" "^1.0.4"
      "inherits" "2"
      "minimatch" "^3.0.4"
      "once" "^1.3.0"
      "path-is-absolute" "^1.0.0"
  
  "globals@^13.6.0", "globals@^13.9.0":
    "integrity" "sha512-uS8X6lSKN2JumVoXrbUz+uG4BYG+eiawqm3qFcT7ammfbUHeCBoJMlHcec/S3krSk73/AE/f0szYFmgAA3kYZg== sha1-TXM3YDBCMKAILtluIeXFZfiYCJ4="
    "resolved" "https://registry.npmmirror.com/globals/download/globals-13.12.0.tgz?cache=0&sync_timestamp=1635390798667&other_urls=https%3A%2F%2Fregistry.npmmirror.com%2Fglobals%2Fdownload%2Fglobals-13.12.0.tgz"
    "version" "13.12.0"
    dependencies:
      "type-fest" "^0.20.2"
  
  "graceful-fs@^4.1.2", "graceful-fs@^4.2.4", "graceful-fs@^4.2.9":
    "integrity" "sha512-NtNxqUcXgpW2iMrfqSfR73Glt39K+BLwWsPs94yR63v45T0Wbej7eRmL5cWfwEgqXnmjQp3zaJTshdRW/qC2ZQ=="
    "resolved" "https://registry.npmmirror.com/graceful-fs/download/graceful-fs-4.2.9.tgz"
    "version" "4.2.9"
  
  "has-flag@^4.0.0":
    "integrity" "sha512-EykJT/Q1KjTWctppgIAgfSO0tKVuZUjhgMr17kqTumMl6Afv3EISleU7qZUzoXDFTAHTDC4NOoG/ZxU3EvlMPQ== sha1-lEdx/ZyByBJlxNaUGGDaBrtZR5s="
    "resolved" "https://registry.nlark.com/has-flag/download/has-flag-4.0.0.tgz?cache=0&sync_timestamp=1626716578584&other_urls=https%3A%2F%2Fregistry.nlark.com%2Fhas-flag%2Fdownload%2Fhas-flag-4.0.0.tgz"
    "version" "4.0.0"
  
  "has@^1.0.3":
    "integrity" "sha512-f2dvO0VU6Oej7RkWJGrehjbzMAjFp5/VKPp5tTpWIV4JHHZK1/BxbFRtf/siA2SWTe09caDmVtYYzWEIbBS4zw== sha1-ci18v8H2qoJB8W3YFOAR4fQeh5Y="
    "resolved" "https://registry.nlark.com/has/download/has-1.0.3.tgz"
    "version" "1.0.3"
    dependencies:
      "function-bind" "^1.1.1"
  
  "iconv-lite@^0.4.4":
    "integrity" "sha512-v3MXnZAcvnywkTUEZomIActle7RXXeedOR31wwl7VlyoXO4Qi9arvSenNQWne1TcRwhCL1HwLI21bEqdpj8/rA== sha1-ICK0sl+93CHS9SSXSkdKr+czkIs="
    "resolved" "https://registry.nlark.com/iconv-lite/download/iconv-lite-0.4.24.tgz?cache=0&sync_timestamp=1621826342262&other_urls=https%3A%2F%2Fregistry.nlark.com%2Ficonv-lite%2Fdownload%2Ficonv-lite-0.4.24.tgz"
    "version" "0.4.24"
    dependencies:
      "safer-buffer" ">= 2.1.2 < 3"
  
  "ignore@^4.0.6":
    "integrity" "sha512-cyFDKrqc/YdcWFniJhzI42+AzS+gNwmUzOSFcRCQYwySuBBBy/KjuxWLZ/FHEH6Moq1NizMOBWyTcv8O4OZIMg=="
    "resolved" "https://registry.npmmirror.com/ignore/download/ignore-4.0.6.tgz"
    "version" "4.0.6"
  
  "ignore@^5.2.0":
    "integrity" "sha512-CmxgYGiEPCLhfLnpPp1MoRmifwEIOgjcHXxOBjv7mY96c+eWScsOP9c112ZyLdWHi0FxHjI+4uVhKYp/gcdRmQ=="
    "resolved" "https://registry.npmmirror.com/ignore/download/ignore-5.2.0.tgz"
    "version" "5.2.0"
  
  "image-size@~0.5.0":
    "integrity" "sha1-Cd/Uq50g4p6xw+gLiZA3jfnjy5w="
    "resolved" "https://registry.npmmirror.com/image-size/download/image-size-0.5.5.tgz"
    "version" "0.5.5"
  
  "import-fresh@^3.0.0", "import-fresh@^3.2.1":
    "integrity" "sha512-veYYhQa+D1QBKznvhUHxb8faxlrwUnxseDAbAp457E0wLNio2bOSKnjYDhMj+YiAq61xrMGhQk9iXVk5FzgQMw== sha1-NxYsJfy566oublPVtNiM4X2eDCs="
    "resolved" "https://registry.nlark.com/import-fresh/download/import-fresh-3.3.0.tgz"
    "version" "3.3.0"
    dependencies:
      "parent-module" "^1.0.0"
      "resolve-from" "^4.0.0"
  
  "imurmurhash@^0.1.4":
    "integrity" "sha1-khi5srkoojixPcT7a21XbyMUU+o="
    "resolved" "https://registry.nlark.com/imurmurhash/download/imurmurhash-0.1.4.tgz"
    "version" "0.1.4"
  
  "inflight@^1.0.4":
    "integrity" "sha1-Sb1jMdfQLQwJvJEKEHW6gWW1bfk="
    "resolved" "https://registry.npm.taobao.org/inflight/download/inflight-1.0.6.tgz"
    "version" "1.0.6"
    dependencies:
      "once" "^1.3.0"
      "wrappy" "1"
  
  "inherits@2":
    "integrity" "sha512-k/vGaX4/Yla3WzyMCvTQOXYeIHvqOKtnqBduzTHpzpQZzAskKMhZ2K+EnBiSM9zGSoIFeMpXKxa4dYeZIQqewQ== sha1-D6LGT5MpF8NDOg3tVTY6rjdBa3w="
    "resolved" "https://registry.nlark.com/inherits/download/inherits-2.0.4.tgz"
    "version" "2.0.4"
  
  "is-binary-path@~2.1.0":
    "integrity" "sha512-ZMERYes6pDydyuGidse7OsHxtbI7WVeUEozgR/g7rd0xUimYNlvZRE/K2MgZTjWy725IfelLeVcEM97mmtRGXw== sha1-6h9/O4DwZCNug0cPhsCcJU+0Wwk="
    "resolved" "https://registry.nlark.com/is-binary-path/download/is-binary-path-2.1.0.tgz"
    "version" "2.1.0"
    dependencies:
      "binary-extensions" "^2.0.0"
  
  "is-core-module@^2.2.0":
    "integrity" "sha512-vd15qHsaqrRL7dtH6QNuy0ndJmRDrS9HAM1CAiSifNUFv4x1a0CCVsj18hJ1mShxIG6T2i1sO78MkP56r0nYRw== sha1-AyEzbD0JJeSX/Zf12VyxFKXM1Ug="
    "resolved" "https://registry.npmmirror.com/is-core-module/download/is-core-module-2.8.0.tgz"
    "version" "2.8.0"
    dependencies:
      "has" "^1.0.3"
  
  "is-extglob@^2.1.1":
    "integrity" "sha1-qIwCU1eR8C7TfHahueqXc8gz+MI="
    "resolved" "https://registry.nlark.com/is-extglob/download/is-extglob-2.1.1.tgz"
    "version" "2.1.1"
  
  "is-glob@^4.0.0", "is-glob@^4.0.1", "is-glob@^4.0.3", "is-glob@~4.0.1":
    "integrity" "sha512-xelSayHH36ZgE7ZWhli7pW34hNbNl8Ojv5KVmkJD4hBdD3th8Tfk9vYasLM+mXWOZhFkgZfxhLSnrwRr4elSSg== sha1-ZPYeQsu7LuwgcanawLKLoeZdUIQ="
    "resolved" "https://registry.npmmirror.com/is-glob/download/is-glob-4.0.3.tgz?cache=0&sync_timestamp=1632934586547&other_urls=https%3A%2F%2Fregistry.npmmirror.com%2Fis-glob%2Fdownload%2Fis-glob-4.0.3.tgz"
    "version" "4.0.3"
    dependencies:
      "is-extglob" "^2.1.1"
  
  "is-number@^7.0.0":
    "integrity" "sha512-41Cifkg6e8TylSpdtTpeLVMqvSBEVzTttHvERD741+pnZ8ANv0004MRL43QKPDlK9cGvNp6NZWZUBlbGXYxxng== sha1-dTU0W4lnNNX4DE0GxQlVUnoU8Ss="
    "resolved" "https://registry.nlark.com/is-number/download/is-number-7.0.0.tgz"
    "version" "7.0.0"
  
  "is-what@^3.12.0":
    "integrity" "sha512-sNxgpk9793nzSs7bA6JQJGeIuRBQhAaNGG77kzYQgMkrID+lS6SlK07K5LaptscDlSaIgH+GPFzf+d75FVxozA== sha1-4SIvRt3ahd6tD9HJ3xMXYOd3VcE="
    "resolved" "https://registry.npmmirror.com/is-what/download/is-what-3.14.1.tgz"
    "version" "3.14.1"
  
  "isexe@^2.0.0":
    "integrity" "sha1-6PvzdNxVb/iUehDcsFctYz8s+hA="
    "resolved" "https://registry.nlark.com/isexe/download/isexe-2.0.0.tgz"
    "version" "2.0.0"
  
  "jest-worker@^27.4.1":
    "integrity" "sha512-gHWJF/6Xi5CTG5QCvROr6GcmpIqNYpDJyc8A1h/DyXqH1tD6SnRCM0d3U5msV31D2LB/U+E0M+W4oyvKV44oNw=="
    "resolved" "https://registry.npmmirror.com/jest-worker/download/jest-worker-27.4.6.tgz"
    "version" "27.4.6"
    dependencies:
      "@types/node" "*"
      "merge-stream" "^2.0.0"
      "supports-color" "^8.0.0"
  
  "jiti@^1.12.9":
    "integrity" "sha512-TdcJywkQtcwLxogc4rSMAi479G2eDPzfW0fLySks7TPhgZZ4s/tM6stnzayIh3gS/db3zExWJyUx4cNWrwAmoQ== sha1-LORbJlz8jckevXClIEgHz5FSkbw="
    "resolved" "https://registry.npmmirror.com/jiti/download/jiti-1.12.9.tgz"
    "version" "1.12.9"
  
  "js-cookie@^3.0.1":
    "integrity" "sha512-+0rgsUXZu4ncpPxRL+lNEptWMOWl9etvPHc/koSRp6MPwpRYAhmk0dUG00J4bxVV3r9uUzfo24wW0knS07SKSw=="
    "resolved" "https://registry.npmmirror.com/js-cookie/download/js-cookie-3.0.1.tgz"
    "version" "3.0.1"
  
  "js-yaml@^4.1.0":
    "integrity" "sha512-wpxZs9NoxZaJESJGIZTyDEaYpl0FKSA+FB9aJiyemKhMwkxQg63h4T1KJgUGHpTqPDNRcmmYLugrRjJlBtWvRA=="
    "resolved" "https://registry.npmmirror.com/js-yaml/download/js-yaml-4.1.0.tgz"
    "version" "4.1.0"
    dependencies:
      "argparse" "^2.0.1"
  
  "json-parse-better-errors@^1.0.2":
    "integrity" "sha1-u4Z8+zRQ5pEHwTHRxRS6s9yLyqk="
    "resolved" "https://registry.nlark.com/json-parse-better-errors/download/json-parse-better-errors-1.0.2.tgz"
    "version" "1.0.2"
  
  "json-schema-traverse@^0.4.1":
    "integrity" "sha512-xbbCH5dCYU5T8LcEhhuh7HJ88HXuW3qsI3Y0zOZFKfZEHcpWiHU/Jxzk629Brsab/mMiHQti9wMP+845RPe3Vg== sha1-afaofZUTq4u4/mO9sJecRI5oRmA="
    "resolved" "https://registry.nlark.com/json-schema-traverse/download/json-schema-traverse-0.4.1.tgz"
    "version" "0.4.1"
  
  "json-stable-stringify-without-jsonify@^1.0.1":
    "integrity" "sha1-nbe1lJatPzz+8wp1FC0tkwrXJlE="
    "resolved" "https://registry.nlark.com/json-stable-stringify-without-jsonify/download/json-stable-stringify-without-jsonify-1.0.1.tgz"
    "version" "1.0.1"
  
  "klona@^2.0.4":
    "integrity" "sha512-pJiBpiXMbt7dkzXe8Ghj/u4FfXOOa98fPW+bihOJ4SjnoijweJrNThJfd3ifXpXhREjpoF2mZVH1GfS9LV3kHQ== sha1-0WZXTZAHY5XZljqnqSj6u412r7w="
    "resolved" "https://registry.npmmirror.com/klona/download/klona-2.0.5.tgz?cache=0&sync_timestamp=1635385383825&other_urls=https%3A%2F%2Fregistry.npmmirror.com%2Fklona%2Fdownload%2Fklona-2.0.5.tgz"
    "version" "2.0.5"
  
  "kolorist@^1.5.1":
    "integrity" "sha512-lxpCM3HTvquGxKGzHeknB/sUjuVoUElLlfYnXZT73K8geR9jQbroGlSCFBax9/0mpGoD3kzcMLnOlGQPJJNyqQ=="
    "resolved" "https://registry.npmmirror.com/kolorist/download/kolorist-1.5.1.tgz"
    "version" "1.5.1"
  
  "less-loader@^10.2.0":
    "integrity" "sha512-AV5KHWvCezW27GT90WATaDnfXBv99llDbtaj4bshq6DvAihMdNjaPDcUMa6EXKLRF+P2opFenJp89BXg91XLYg=="
    "resolved" "https://registry.npmmirror.com/less-loader/download/less-loader-10.2.0.tgz"
    "version" "10.2.0"
    dependencies:
      "klona" "^2.0.4"
  
  "less@*", "less@^3.5.0 || ^4.0.0", "less@^4.1.2":
    "integrity" "sha512-EoQp/Et7OSOVu0aJknJOtlXZsnr8XE8KwuzTHOLeVSEx8pVWUICc8Q0VYRHgzyjX78nMEyC/oztWFbgyhtNfDA=="
    "resolved" "https://registry.npmmirror.com/less/download/less-4.1.2.tgz"
    "version" "4.1.2"
    dependencies:
      "copy-anything" "^2.0.1"
      "parse-node-version" "^1.0.1"
      "tslib" "^2.3.0"
    optionalDependencies:
      "errno" "^0.1.1"
      "graceful-fs" "^4.1.2"
      "image-size" "~0.5.0"
      "make-dir" "^2.1.0"
      "mime" "^1.4.1"
      "needle" "^2.5.2"
      "source-map" "~0.6.0"
  
  "levn@^0.4.1":
    "integrity" "sha512-+bT2uH4E5LGE7h/n3evcS/sQlJXCpIp6ym8OWJ5eV6+67Dsql/LaaT7qJBAt2rzfoa/5QBGBhxDix1dMt2kQKQ== sha1-rkViwAdHO5MqYgDUAyaN0v/8at4="
    "resolved" "https://registry.nlark.com/levn/download/levn-0.4.1.tgz"
    "version" "0.4.1"
    dependencies:
      "prelude-ls" "^1.2.1"
      "type-check" "~0.4.0"
  
  "loader-runner@^4.2.0":
    "integrity" "sha1-1wIjgNZtFMX7HUlriYZOvP1Hg4Q="
    "resolved" "https://registry.nlark.com/loader-runner/download/loader-runner-4.2.0.tgz"
    "version" "4.2.0"
  
  "lodash.merge@^4.6.2":
    "integrity" "sha512-0KpjqXRVvrYyCsX1swR/XTK0va6VQkQM6MNo7PqW77ByjAhoARA8EfrP1N4+KlKj8YS0ZUCtRT/YUuhyYDujIQ== sha1-VYqlO0O2YeGSWgr9+japoQhf5Xo="
    "resolved" "https://registry.nlark.com/lodash.merge/download/lodash.merge-4.6.2.tgz"
    "version" "4.6.2"
  
  "lodash@^4.17.21":
    "integrity" "sha512-v2kDEe57lecTulaDIuNTPy3Ry4gLGJ6Z1O3vE1krgXZNrsQ+LFTGHVxVjcXPs17LhbZVGedAJv8XZ1tvj5FvSg=="
    "resolved" "https://registry.npmmirror.com/lodash/download/lodash-4.17.21.tgz"
    "version" "4.17.21"
  
  "lru-cache@^6.0.0":
    "integrity" "sha512-Jo6dJ04CmSjuznwJSS3pUeWmd/H0ffTlkXXgwZi+eq1UCmqQwCh+eLsYOYCwY991i2Fah4h1BEMCx4qThGbsiA== sha1-bW/mVw69lqr5D8rR2vo7JWbbOpQ="
    "resolved" "https://registry.nlark.com/lru-cache/download/lru-cache-6.0.0.tgz"
    "version" "6.0.0"
    dependencies:
      "yallist" "^4.0.0"
  
  "magic-string@^0.25.7":
    "integrity" "sha512-4CrMT5DOHTDk4HYDlzmwu4FVCcIYI8gauveasrdCu2IKIFOJ3f0v/8MDGJCDL9oD2ppz/Av1b0Nj345H9M+XIA== sha1-P0l9b9NMZpxnmNy4IfLvMfVEUFE="
    "resolved" "https://registry.nlark.com/magic-string/download/magic-string-0.25.7.tgz"
    "version" "0.25.7"
    dependencies:
      "sourcemap-codec" "^1.4.4"
  
  "make-dir@^2.1.0":
    "integrity" "sha512-LS9X+dc8KLxXCb8dni79fLIIUA5VyZoyjSMCwTluaXA0o27cCK0bhXkpgw+sTXVpPy/lSO57ilRixqk0vDmtRA== sha1-XwMQ4YuL6JjMBwCSlaMK5B6R5vU="
    "resolved" "https://registry.nlark.com/make-dir/download/make-dir-2.1.0.tgz"
    "version" "2.1.0"
    dependencies:
      "pify" "^4.0.1"
      "semver" "^5.6.0"
  
  "merge-stream@^2.0.0":
    "integrity" "sha1-UoI2KaFN0AyXcPtq1H3GMQ8sH2A="
    "resolved" "https://registry.nlark.com/merge-stream/download/merge-stream-2.0.0.tgz"
    "version" "2.0.0"
  
  "merge2@^1.3.0":
    "integrity" "sha512-8q7VEgMJW4J8tcfVPy8g09NcQwZdbwFEqhe/WZkoIzjn/3TGDwtOCYtXGxA3O8tPzpczCCDgv+P2P5y00ZJOOg== sha1-Q2iJL4hekHRVpv19xVwMnUBJkK4="
    "resolved" "https://registry.nlark.com/merge2/download/merge2-1.4.1.tgz"
    "version" "1.4.1"
  
  "micromatch@^4.0.4":
    "integrity" "sha512-pRmzw/XUcwXGpD9aI9q/0XOwLNygjETJ8y0ao0wdqprrzDa4YnxLcz7fQRZr8voh8V10kGhABbNcHVk5wHgWwg== sha1-iW1Rnf6dsl/OlM63pQCRm/iB6/k="
    "resolved" "https://registry.nlark.com/micromatch/download/micromatch-4.0.4.tgz"
    "version" "4.0.4"
    dependencies:
      "braces" "^3.0.1"
      "picomatch" "^2.2.3"
  
  "mime-db@1.51.0":
    "integrity" "sha512-5y8A56jg7XVQx2mbv1lu49NR4dokRnhZYTtL+KGfaa27uq4pSTXkwQkFJl4pkRMyNFz/EtYDSkiiEHx3F7UN6g=="
    "resolved" "https://registry.npmmirror.com/mime-db/download/mime-db-1.51.0.tgz?cache=0&sync_timestamp=1636425951030&other_urls=https%3A%2F%2Fregistry.npmmirror.com%2Fmime-db%2Fdownload%2Fmime-db-1.51.0.tgz"
    "version" "1.51.0"
  
  "mime-types@^2.1.27":
    "integrity" "sha512-6cP692WwGIs9XXdOO4++N+7qjqv0rqxxVvJ3VHPh/Sc9mVZcQP+ZGhkKiTvWMQRr2tbHkJP/Yn7Y0npb3ZBs4A=="
    "resolved" "https://registry.npmmirror.com/mime-types/download/mime-types-2.1.34.tgz?cache=0&sync_timestamp=1636432244120&other_urls=https%3A%2F%2Fregistry.npmmirror.com%2Fmime-types%2Fdownload%2Fmime-types-2.1.34.tgz"
    "version" "2.1.34"
    dependencies:
      "mime-db" "1.51.0"
  
  "mime@^1.4.1":
    "integrity" "sha512-x0Vn8spI+wuJ1O6S7gnbaQg8Pxh4NNHb7KSINmEWKiPE4RKOplvijn+NkmYmmRgP68mc70j2EbeTFRsrswaQeg== sha1-Ms2eXGRVO9WNGaVor0Uqz/BJgbE="
    "resolved" "https://registry.npmmirror.com/mime/download/mime-1.6.0.tgz"
    "version" "1.6.0"
  
  "minimatch@^3.0.4":
    "integrity" "sha512-yJHVQEhyqPLUTgt9B83PXu6W3rx4MvvHvSUvToogpwoGDOUQ+yDrR0HRot+yOCdCO7u4hX3pWft6kWBBcqh0UA== sha1-UWbihkV/AzBgZL5Ul+jbsMPTIIM="
    "resolved" "https://registry.nlark.com/minimatch/download/minimatch-3.0.4.tgz?cache=0&sync_timestamp=1618846754554&other_urls=https%3A%2F%2Fregistry.nlark.com%2Fminimatch%2Fdownload%2Fminimatch-3.0.4.tgz"
    "version" "3.0.4"
    dependencies:
      "brace-expansion" "^1.1.7"
  
  "ms@^2.1.1", "ms@2.1.2":
    "integrity" "sha512-sGkPx+VjMtmA6MX27oA4FBFELFCZZ4S4XqeGOXCv68tT+jb3vk/RyaKWP0PTKyWtmLSM0b+adUTEvbs1PEaH2w== sha1-0J0fNXtEP0kzgqjrPM0YOHKuYAk="
    "resolved" "https://registry.npmmirror.com/ms/download/ms-2.1.2.tgz"
    "version" "2.1.2"
  
  "nanoid@^3.1.30":
    "integrity" "sha512-zJpuPDwOv8D2zq2WRoMe1HsfZthVewpel9CAvTfc/2mBD1uUT/agc5f7GHGWXlYkFvi1mVxe4IjvP2HNrop7nQ=="
    "resolved" "https://registry.npmmirror.com/nanoid/download/nanoid-3.1.30.tgz"
    "version" "3.1.30"
  
  "natural-compare@^1.4.0":
    "integrity" "sha1-Sr6/7tdUHywnrPspvbvRXI1bpPc="
    "resolved" "https://registry.nlark.com/natural-compare/download/natural-compare-1.4.0.tgz?cache=0&sync_timestamp=1624608011507&other_urls=https%3A%2F%2Fregistry.nlark.com%2Fnatural-compare%2Fdownload%2Fnatural-compare-1.4.0.tgz"
    "version" "1.4.0"
  
  "needle@^2.5.2":
    "integrity" "sha512-6R9fqJ5Zcmf+uYaFgdIHmLwNldn5HbK8L5ybn7Uz+ylX/rnOsSp1AHcvQSrCaFN+qNM1wpymHqD7mVasEOlHGQ=="
    "resolved" "https://registry.npmmirror.com/needle/download/needle-2.9.1.tgz"
    "version" "2.9.1"
    dependencies:
      "debug" "^3.2.6"
      "iconv-lite" "^0.4.4"
      "sax" "^1.2.4"
  
  "neo-async@^2.6.2":
    "integrity" "sha1-tKr7k+OustgXTKU88WOrfXMIMF8="
    "resolved" "https://registry.nlark.com/neo-async/download/neo-async-2.6.2.tgz"
    "version" "2.6.2"
  
  "node-releases@^2.0.1":
    "integrity" "sha1-PR05XyBPHy8ppUNYuftnh2WtL8U="
    "resolved" "https://registry.npmmirror.com/node-releases/download/node-releases-2.0.1.tgz"
    "version" "2.0.1"
  
  "normalize-path@^3.0.0", "normalize-path@~3.0.0":
    "integrity" "sha512-6eZs5Ls3WtCisHWp9S2GUy8dqkpGi4BVSz3GaqiE6ezub0512ESztXUwUB6C6IKbQkY2Pnb/mD4WYojCRwcwLA== sha1-Dc1p/yOhybEf0JeDFmRKA4ghamU="
    "resolved" "https://registry.nlark.com/normalize-path/download/normalize-path-3.0.0.tgz"
    "version" "3.0.0"
  
  "once@^1.3.0":
    "integrity" "sha1-WDsap3WWHUsROsF9nFC6753Xa9E="
    "resolved" "https://registry.nlark.com/once/download/once-1.4.0.tgz"
    "version" "1.4.0"
    dependencies:
      "wrappy" "1"
  
  "optionator@^0.9.1":
    "integrity" "sha512-74RlY5FCnhq4jRxVUPKDaRwrVNXMqsGsiW6AJw4XK8hmtm10wC0ypZBLw5IIp85NZMr91+qd1RvvENwg7jjRFw== sha1-TyNqY3Pa4FZqbUPhMmZ09QwpFJk="
    "resolved" "https://registry.npm.taobao.org/optionator/download/optionator-0.9.1.tgz"
    "version" "0.9.1"
    dependencies:
      "deep-is" "^0.1.3"
      "fast-levenshtein" "^2.0.6"
      "levn" "^0.4.1"
      "prelude-ls" "^1.2.1"
      "type-check" "^0.4.0"
      "word-wrap" "^1.2.3"
  
  "parent-module@^1.0.0":
    "integrity" "sha512-GQ2EWRpQV8/o+Aw8YqtfZZPfNRWZYkbidE9k5rpl/hC3vtHHBfGm2Ifi6qWV+coDGkrUKZAxE3Lot5kcsRlh+g== sha1-aR0nCeeMefrjoVZiJFLQB2LKqqI="
    "resolved" "https://registry.npmmirror.com/parent-module/download/parent-module-1.0.1.tgz?cache=0&sync_timestamp=1633337513286&other_urls=https%3A%2F%2Fregistry.npmmirror.com%2Fparent-module%2Fdownload%2Fparent-module-1.0.1.tgz"
    "version" "1.0.1"
    dependencies:
      "callsites" "^3.0.0"
  
  "parse-node-version@^1.0.1":
    "integrity" "sha512-3YHlOa/JgH6Mnpr05jP9eDG254US9ek25LyIxZlDItp2iJtwyaXQb57lBYLdT3MowkUFYEV2XXNAYIPlESvJlA== sha1-4rXb7eAOf6m8NjYH9TMn6LBzGJs="
    "resolved" "https://registry.npmmirror.com/parse-node-version/download/parse-node-version-1.0.1.tgz"
    "version" "1.0.1"
  
  "path-is-absolute@^1.0.0":
    "integrity" "sha1-F0uSaHNVNP+8es5r9TpanhtcX18="
    "resolved" "https://registry.nlark.com/path-is-absolute/download/path-is-absolute-1.0.1.tgz"
    "version" "1.0.1"
  
  "path-key@^3.1.0":
    "integrity" "sha512-ojmeN0qd+y0jszEtoY48r0Peq5dwMEkIlCOu6Q5f41lfkswXuKtYrhgoTpLnyIcHm24Uhqx+5Tqm2InSwLhE6Q== sha1-WB9q3mWMu6ZaDTOA3ndTKVBU83U="
    "resolved" "https://registry.nlark.com/path-key/download/path-key-3.1.1.tgz"
    "version" "3.1.1"
  
  "path-parse@^1.0.6":
    "integrity" "sha512-LDJzPVEEEPR+y48z93A0Ed0yXb8pAByGWo/k5YYdYgpY2/2EsOsksJrq7lOHxryrVOn1ejG6oAp8ahvOIQD8sw== sha1-+8EUtgykKzDZ2vWFjkvWi77bZzU="
    "resolved" "https://registry.nlark.com/path-parse/download/path-parse-1.0.7.tgz"
    "version" "1.0.7"
  
  "picocolors@^1.0.0":
    "integrity" "sha512-1fygroTLlHu66zi26VoTDv8yRgm0Fccecssto+MhsZ0D/DGW2sm8E8AjW7NU5VVTRt5GxbeZ5qBuJr+HyLYkjQ== sha1-y1vcdP8/UYkiNur3nWi8RFZKuBw="
    "resolved" "https://registry.npmmirror.com/picocolors/download/picocolors-1.0.0.tgz?cache=0&sync_timestamp=1634093378416&other_urls=https%3A%2F%2Fregistry.npmmirror.com%2Fpicocolors%2Fdownload%2Fpicocolors-1.0.0.tgz"
    "version" "1.0.0"
  
  "picomatch@^2.0.4", "picomatch@^2.2.1", "picomatch@^2.2.3":
    "integrity" "sha512-lY1Q/PiJGC2zOv/z391WOTD+Z02bCgsFfvxoXXf6h7kv9o+WmsmzYqrAwY63sNgOxE4xEdq0WyUnXfKeBrSvYw== sha1-8fBh3o9qS/AiiS4tEoI0+5gwKXI="
    "resolved" "https://registry.npmmirror.com/picomatch/download/picomatch-2.3.0.tgz"
    "version" "2.3.0"
  
  "pify@^4.0.1":
    "integrity" "sha512-uB80kBFb/tfd68bVleG9T5GGsGPjJrLAUpR5PZIrhBnIaRTQRjqdJSsIKkOP6OAIFbj7GOrcudc5pNjZ+geV2g== sha1-SyzSXFDVmHNcUCkiJP2MbfQeMjE="
    "resolved" "https://registry.npm.taobao.org/pify/download/pify-4.0.1.tgz"
    "version" "4.0.1"
  
  "postcss@^8.1.10", "postcss@^8.3.11":
    "integrity" "sha512-jBDboWM8qpaqwkMwItqTQTiFikhs/67OYVvblFFTM7MrZjt6yMKd6r2kgXizEbTTljacm4NldIlZnhbjr84QYg=="
    "resolved" "https://registry.npmmirror.com/postcss/download/postcss-8.4.5.tgz"
    "version" "8.4.5"
    dependencies:
      "nanoid" "^3.1.30"
      "picocolors" "^1.0.0"
      "source-map-js" "^1.0.1"
  
  "prelude-ls@^1.2.1":
    "integrity" "sha512-vkcDPrRZo1QZLbn5RLGPpg/WmIQ65qoWWhcGKf/b5eplkkarX0m9z8ppCat4mlOqUsWpyNuYgO3VRyrYHSzX5g== sha1-3rxkidem5rDnYRiIzsiAM30xY5Y="
    "resolved" "https://registry.npm.taobao.org/prelude-ls/download/prelude-ls-1.2.1.tgz"
    "version" "1.2.1"
  
  "prettier-linter-helpers@^1.0.0":
    "integrity" "sha512-GbK2cP9nraSSUF9N2XwUwqfzlAFlMNYYl+ShE/V+H8a9uNl/oUqB1w2EL54Jh0OlyRSd8RfWYJ3coVS4TROP2w== sha1-0j1B/hN1ZG3i0BBNNFSjAIgCz3s="
    "resolved" "https://registry.nlark.com/prettier-linter-helpers/download/prettier-linter-helpers-1.0.0.tgz"
    "version" "1.0.0"
    dependencies:
      "fast-diff" "^1.1.2"
  
  "prettier@^2.5.1", "prettier@>= 1.13.0", "prettier@>=2.0.0":
    "integrity" "sha512-vBZcPRUR5MZJwoyi3ZoyQlc1rXeEck8KgeC9AwwOn+exuxLxq5toTRDTSaVrXHxelDMHy9zlicw8u66yxoSUFg=="
    "resolved" "https://registry.npmmirror.com/prettier/download/prettier-2.5.1.tgz"
    "version" "2.5.1"
  
  "prr@~1.0.1":
    "integrity" "sha1-0/wRS6BplaRexok/SEzrHXj19HY="
    "resolved" "https://registry.nlark.com/prr/download/prr-1.0.1.tgz"
    "version" "1.0.1"
  
  "punycode@^2.1.0":
    "integrity" "sha512-XRsRjdf+j5ml+y/6GKHPZbrF/8p2Yga0JPtdqTIY2Xe5ohJPD9saDJJLPvp9+NSBprVvevdXZybnj2cv8OEd0A== sha1-tYsBCsQMIsVldhbI0sLALHv0eew="
    "resolved" "https://registry.nlark.com/punycode/download/punycode-2.1.1.tgz"
    "version" "2.1.1"
  
  "quasar@^2.0.0", "quasar@^2.3.4":
    "integrity" "sha512-VgqjuzlRqZU2t4gKDHQHc/gt9nKXi9y1VRM7xYO6VOuJcm48wgOzyBdTwl1vVseghWeEIEHRM9M+R629WWF9MQ=="
    "resolved" "https://registry.npmmirror.com/quasar/download/quasar-2.3.4.tgz"
    "version" "2.3.4"
  
  "queue-microtask@^1.2.2":
    "integrity" "sha512-NuaNSa6flKT5JaSYQzJok04JzTL1CA6aGhv5rfLW3PgqA+M2ChpZQnAC8h8i4ZFkBS8X5RqkDBHA7r4hej3K9A== sha1-SSkii7xyTfrEPg77BYyve2z7YkM="
    "resolved" "https://registry.nlark.com/queue-microtask/download/queue-microtask-1.2.3.tgz"
    "version" "1.2.3"
  
  "randombytes@^2.1.0":
    "integrity" "sha512-vYl3iOX+4CKUWuxGi9Ukhie6fsqXqS9FE2Zaic4tNFD2N2QQaXOMFbuKK4QmDHC0JO6B1Zp41J0LpT0oR68amQ=="
    "resolved" "https://registry.npmmirror.com/randombytes/download/randombytes-2.1.0.tgz"
    "version" "2.1.0"
    dependencies:
      "safe-buffer" "^5.1.0"
  
  "readdirp@~3.6.0":
    "integrity" "sha512-hOS089on8RduqdbhvQ5Z37A0ESjsqz6qnRcffsMU3495FuTdqSm+7bhJ29JvIOsBDEEnan5DPu9t3To9VRlMzA== sha1-dKNwvYVxFuJFspzJc0DNQxoCpsc="
    "resolved" "https://registry.nlark.com/readdirp/download/readdirp-3.6.0.tgz"
    "version" "3.6.0"
    dependencies:
      "picomatch" "^2.2.1"
  
  "regexpp@^3.2.0":
    "integrity" "sha512-pq2bWo9mVD43nbts2wGv17XLiNLya+GklZ8kaDLV2Z08gDCsGpnKn9BFMepvWuHCbyVvY7J5o5+BVvoQbmlJLg== sha1-BCWido2PI7rXDKS5BGH6LxIT4bI="
    "resolved" "https://registry.nlark.com/regexpp/download/regexpp-3.2.0.tgz"
    "version" "3.2.0"
  
  "resolve-from@^4.0.0":
    "integrity" "sha512-pb/MYmXstAkysRFx8piNI1tGFNQIFA3vkE3Gq4EuA1dF6gHp/+vgZqsCGJapvy8N3Q+4o7FwvquPJcnZ7RYy4g== sha1-SrzYUq0y3Xuqv+m0DgCjbbXzkuY="
    "resolved" "https://registry.nlark.com/resolve-from/download/resolve-from-4.0.0.tgz?cache=0&sync_timestamp=1624607952279&other_urls=https%3A%2F%2Fregistry.nlark.com%2Fresolve-from%2Fdownload%2Fresolve-from-4.0.0.tgz"
    "version" "4.0.0"
  
  "resolve@^1.20.0":
    "integrity" "sha512-wENBPt4ySzg4ybFQW2TT1zMQucPK95HSh/nq2CFTZVOGut2+pQvSsgtda4d26YrYcr067wjbmzOG8byDPBX63A== sha1-YpoBP7P3B1XW8LeTXMHCxTeLGXU="
    "resolved" "https://registry.npmmirror.com/resolve/download/resolve-1.20.0.tgz"
    "version" "1.20.0"
    dependencies:
      "is-core-module" "^2.2.0"
      "path-parse" "^1.0.6"
  
  "reusify@^1.0.4":
    "integrity" "sha512-U9nH88a3fc/ekCF1l0/UP1IosiuIjyTh7hBvXVMHYgVcfGvt897Xguj2UOLDeI5BG2m7/uwyaLVT6fbtCwTyzw== sha1-kNo4Kx4SbvwCFG6QhFqI2xKSXXY="
    "resolved" "https://registry.nlark.com/reusify/download/reusify-1.0.4.tgz"
    "version" "1.0.4"
  
  "rimraf@^3.0.2":
    "integrity" "sha512-JZkJMZkAGFFPP2YqXZXPbMlMBgsxzE8ILs4lMIX/2o0L9UBw9O/Y3o6wFw/i9YLapcUJWwqbi3kdxIPdC62TIA== sha1-8aVAK6YiCtUswSgrrBrjqkn9Bho="
    "resolved" "https://registry.npmmirror.com/rimraf/download/rimraf-3.0.2.tgz"
    "version" "3.0.2"
    dependencies:
      "glob" "^7.1.3"
  
  "rollup@^2.59.0":
    "integrity" "sha512-BbTXlEvB8d+XFbK/7E5doIcRtxWPRiqr0eb5vQ0+2paMM04Ye4PZY5nHOQef2ix24l/L0SpLd5hwcH15QHPdvA=="
    "resolved" "https://registry.npmmirror.com/rollup/download/rollup-2.61.1.tgz"
    "version" "2.61.1"
    optionalDependencies:
      "fsevents" "~2.3.2"
  
  "run-parallel@^1.1.9":
    "integrity" "sha512-5l4VyZR86LZ/lDxZTR6jqL8AFE2S0IFLMP26AbjsLVADxHdhB/c0GUsH+y39UfCi3dzz8OlQuPmnaJOMoDHQBA== sha1-ZtE2jae9+SHrnZW9GpIp5/IaQ+4="
    "resolved" "https://registry.nlark.com/run-parallel/download/run-parallel-1.2.0.tgz"
    "version" "1.2.0"
    dependencies:
      "queue-microtask" "^1.2.2"
  
  "safe-buffer@^5.1.0":
    "integrity" "sha1-Hq+fqb2x/dTsdfWPnNtOa3gn7sY="
    "resolved" "https://registry.nlark.com/safe-buffer/download/safe-buffer-5.2.1.tgz?cache=0&sync_timestamp=1618847044058&other_urls=https%3A%2F%2Fregistry.nlark.com%2Fsafe-buffer%2Fdownload%2Fsafe-buffer-5.2.1.tgz"
    "version" "5.2.1"
  
  "safer-buffer@>= 2.1.2 < 3":
    "integrity" "sha512-YZo3K82SD7Riyi0E1EQPojLz7kpepnSQI9IyPbHHg1XXXevb5dJI7tpyN2ADxGcQbHG7vcyRHk0cbwqcQriUtg== sha1-RPoWGwGHuVSd2Eu5GAL5vYOFzWo="
    "resolved" "https://registry.nlark.com/safer-buffer/download/safer-buffer-2.1.2.tgz"
    "version" "2.1.2"
  
  "sass@*", "sass@1.32.0":
    "integrity" "sha512-fhyqEbMIycQA4blrz/C0pYhv2o4x2y6FYYAH0CshBw3DXh5D5wyERgxw0ptdau1orc/GhNrhF7DFN2etyOCEng=="
    "resolved" "https://registry.npmmirror.com/sass/download/sass-1.32.0.tgz"
    "version" "1.32.0"
    dependencies:
      "chokidar" ">=2.0.0 <4.0.0"
  
  "sax@^1.2.4":
    "integrity" "sha512-NqVDv9TpANUjFm0N8uM5GxL36UgKi9/atZw+x7YFnQ8ckwFGKrl4xX4yWtrey3UJm5nP1kUbnYgLopqWNSRhWw== sha1-KBYjTiN4vdxOU1T6tcqold9xANk="
    "resolved" "https://registry.nlark.com/sax/download/sax-1.2.4.tgz"
    "version" "1.2.4"
  
  "schema-utils@^3.1.0", "schema-utils@^3.1.1":
    "integrity" "sha1-vHTEtraZXB2I92qLd76nIZ4MgoE="
    "resolved" "https://registry.npmmirror.com/schema-utils/download/schema-utils-3.1.1.tgz?cache=0&sync_timestamp=1637075967293&other_urls=https%3A%2F%2Fregistry.npmmirror.com%2Fschema-utils%2Fdownload%2Fschema-utils-3.1.1.tgz"
    "version" "3.1.1"
    dependencies:
      "@types/json-schema" "^7.0.8"
      "ajv" "^6.12.5"
      "ajv-keywords" "^3.5.2"
  
  "semver@^5.6.0":
    "integrity" "sha512-sauaDf/PZdVgrLTNYHRtpXa1iRiKcaebiKQ1BJdpQlWH2lCvexQdX55snPFyK7QzpudqbCI0qXFfOasHdyNDGQ== sha1-qVT5Ma66UI0we78Gnv8MAclhFvc="
    "resolved" "https://registry.npm.taobao.org/semver/download/semver-5.7.1.tgz"
    "version" "5.7.1"
  
  "semver@^7.3.5":
    "integrity" "sha512-PoeGJYh8HK4BTO/a9Tf6ZG3veo/A7ZVsYrSA6J8ny9nb3B1VrpkuN+z9OE5wfE5p6H4LchYZsegiQgbJD94ZFQ== sha1-C2Ich5NI2JmOSw5L6Us/EuYBjvc="
    "resolved" "https://registry.npm.taobao.org/semver/download/semver-7.3.5.tgz"
    "version" "7.3.5"
    dependencies:
      "lru-cache" "^6.0.0"
  
  "serialize-javascript@^6.0.0":
    "integrity" "sha1-765diPRdeSQUHai1w6en5mP+/rg="
    "resolved" "https://registry.nlark.com/serialize-javascript/download/serialize-javascript-6.0.0.tgz?cache=0&sync_timestamp=1624608021459&other_urls=https%3A%2F%2Fregistry.nlark.com%2Fserialize-javascript%2Fdownload%2Fserialize-javascript-6.0.0.tgz"
    "version" "6.0.0"
    dependencies:
      "randombytes" "^2.1.0"
  
  "shebang-command@^2.0.0":
    "integrity" "sha512-kHxr2zZpYtdmrN1qDjrrX/Z1rR1kG8Dx+gkpK1G4eXmvXswmcE1hTWBWYUzlraYw1/yZp6YuDY77YtvbN0dmDA== sha1-zNCvT4g1+9wmW4JGGq8MNmY/NOo="
    "resolved" "https://registry.nlark.com/shebang-command/download/shebang-command-2.0.0.tgz"
    "version" "2.0.0"
    dependencies:
      "shebang-regex" "^3.0.0"
  
  "shebang-regex@^3.0.0":
    "integrity" "sha512-7++dFhtcx3353uBaq8DDR4NuxBetBzC7ZQOhmTQInHEd6bSrXdiEyzCvG07Z44UYdLShWUyXt5M/yhz8ekcb1A== sha1-rhbxZE2HPsrYQ7AwexQzYtTEIXI="
    "resolved" "https://registry.nlark.com/shebang-regex/download/shebang-regex-3.0.0.tgz?cache=0&sync_timestamp=1628896660639&other_urls=https%3A%2F%2Fregistry.nlark.com%2Fshebang-regex%2Fdownload%2Fshebang-regex-3.0.0.tgz"
    "version" "3.0.0"
  
  "source-map-js@^1.0.1":
    "integrity" "sha512-4+TN2b3tqOCd/kaGRJ/sTYA0tR0mdXx26ipdolxcwtJVqEnqNYvlCAt1q3ypy4QMlYus+Zh34RNtYLoq2oQ4IA=="
    "resolved" "https://registry.npmmirror.com/source-map-js/download/source-map-js-1.0.1.tgz"
    "version" "1.0.1"
  
  "source-map-support@~0.5.20":
    "integrity" "sha512-uBHU3L3czsIyYXKX88fdrGovxdSCoTGDRZ6SYXtSRxLZUzHg5P/66Ht6uoUlHu9EZod+inXhKo3qQgwXUT/y1w=="
    "resolved" "https://registry.npmmirror.com/source-map-support/download/source-map-support-0.5.21.tgz?cache=0&sync_timestamp=1637320256759&other_urls=https%3A%2F%2Fregistry.npmmirror.com%2Fsource-map-support%2Fdownload%2Fsource-map-support-0.5.21.tgz"
    "version" "0.5.21"
    dependencies:
      "buffer-from" "^1.0.0"
      "source-map" "^0.6.0"
  
  "source-map@^0.6.0", "source-map@^0.6.1", "source-map@~0.6.0":
    "integrity" "sha512-UjgapumWlbMhkBgzT7Ykc5YXUT46F0iKu8SGXq0bcwP5dz/h0Plj6enJqjz1Zbq2l5WaqYnrVbwWOWMyF3F47g== sha1-dHIq8y6WFOnCh6jQu95IteLxomM="
    "resolved" "https://registry.nlark.com/source-map/download/source-map-0.6.1.tgz"
    "version" "0.6.1"
  
  "source-map@~0.7.2":
    "integrity" "sha1-UwL4FpAxc1ImVECS5kmB91F1A4M="
    "resolved" "https://registry.nlark.com/source-map/download/source-map-0.7.3.tgz"
    "version" "0.7.3"
  
  "sourcemap-codec@^1.4.4":
    "integrity" "sha512-9NykojV5Uih4lgo5So5dtw+f0JgJX30KCNI8gwhz2J9A15wD0Ml6tjHKwf6fTSa6fAdVBdZeNOs9eJ71qCk8vA== sha1-6oBL2UhXQC5pktBaOO8a41qatMQ="
    "resolved" "https://registry.nlark.com/sourcemap-codec/download/sourcemap-codec-1.4.8.tgz"
    "version" "1.4.8"
  
  "strip-ansi@^6.0.1":
    "integrity" "sha512-Y38VPSHcqkFrCpFnQ9vuSXmquuv5oXOKpGeT6aGrr3o3Gc9AlVa6JBfUSOCnbxGGZF+/0ooI7KrPuUSztUdU5A== sha1-nibGPTD1NEPpSJSVshBdN7Z6hdk="
    "resolved" "https://registry.npmmirror.com/strip-ansi/download/strip-ansi-6.0.1.tgz?cache=0&sync_timestamp=1632432619223&other_urls=https%3A%2F%2Fregistry.npmmirror.com%2Fstrip-ansi%2Fdownload%2Fstrip-ansi-6.0.1.tgz"
    "version" "6.0.1"
    dependencies:
      "ansi-regex" "^5.0.1"
  
  "strip-json-comments@^3.1.0", "strip-json-comments@^3.1.1":
    "integrity" "sha512-6fPc+R4ihwqP6N/aIv2f1gMH8lOVtWQHoqC4yK6oSDVVocumAsfCqjkXnqiYMhmMwS/mEHLp7Vehlt3ql6lEig== sha1-MfEoGzgyYwQ0gxwxDAHMzajL4AY="
    "resolved" "https://registry.nlark.com/strip-json-comments/download/strip-json-comments-3.1.1.tgz"
    "version" "3.1.1"
  
  "supports-color@^7.1.0":
    "integrity" "sha512-qpCAvRl9stuOHveKsn7HncJRvv501qIacKzQlO/+Lwxc9+0q2wLyv4Dfvt80/DPn2pqOBsJdDiogXGR9+OvwRw== sha1-G33NyzK4E4gBs+R4umpRyqiWSNo="
    "resolved" "https://registry.npmmirror.com/supports-color/download/supports-color-7.2.0.tgz"
    "version" "7.2.0"
    dependencies:
      "has-flag" "^4.0.0"
  
  "supports-color@^8.0.0":
    "integrity" "sha1-zW/BfihQDP9WwbhsCn/UpUpzAFw="
    "resolved" "https://registry.npmmirror.com/supports-color/download/supports-color-8.1.1.tgz"
    "version" "8.1.1"
    dependencies:
      "has-flag" "^4.0.0"
  
  "tapable@^2.1.1", "tapable@^2.2.0":
    "integrity" "sha512-GNzQvQTOIP6RyTfE2Qxb8ZVlNmw0n88vp1szwWRimP02mnTsx3Wtn5qRdqY9w2XduFNUgvOwhNnQsjwCp+kqaQ=="
    "resolved" "https://registry.npmmirror.com/tapable/download/tapable-2.2.1.tgz"
    "version" "2.2.1"
  
  "terser-webpack-plugin@^5.1.3":
    "integrity" "sha512-LPIisi3Ol4chwAaPP8toUJ3L4qCM1G0wao7L3qNv57Drezxj6+VEyySpPw4B1HSO2Eg/hDY/MNF5XihCAoqnsQ=="
    "resolved" "https://registry.npmmirror.com/terser-webpack-plugin/download/terser-webpack-plugin-5.3.0.tgz"
    "version" "5.3.0"
    dependencies:
      "jest-worker" "^27.4.1"
      "schema-utils" "^3.1.1"
      "serialize-javascript" "^6.0.0"
      "source-map" "^0.6.1"
      "terser" "^5.7.2"
  
  "terser@^5.7.2":
    "integrity" "sha512-AMmF99DMfEDiRJfxfY5jj5wNH/bYO09cniSqhfoyxc8sFoYIgkJy86G04UoZU5VjlpnplVu0K6Tx6E9b5+DlHA=="
    "resolved" "https://registry.npmmirror.com/terser/download/terser-5.10.0.tgz"
    "version" "5.10.0"
    dependencies:
      "commander" "^2.20.0"
      "source-map" "~0.7.2"
      "source-map-support" "~0.5.20"
  
  "text-table@^0.2.0":
    "integrity" "sha1-f17oI66AUgfACvLfSoTsP8+lcLQ="
    "resolved" "https://registry.npmmirror.com/text-table/download/text-table-0.2.0.tgz"
    "version" "0.2.0"
  
  "to-regex-range@^5.0.1":
    "integrity" "sha512-65P7iz6X5yEr1cwcgvQxbbIw7Uk3gOy5dIdtZ4rDveLqhrdJP+Li/Hx6tyK0NEb+2GCyneCMJiGqrADCSNk8sQ== sha1-FkjESq58jZiKMmAY7XL1tN0DkuQ="
    "resolved" "https://registry.nlark.com/to-regex-range/download/to-regex-range-5.0.1.tgz"
    "version" "5.0.1"
    dependencies:
      "is-number" "^7.0.0"
  
  "tslib@^2.3.0":
    "integrity" "sha512-77EbyPPpMz+FRFRuAFlWMtmgUWGe9UOG2Z25NqCwiIjRhOf5iKGuzSe5P2w1laq+FkRy4p+PCuVkJSGkzTEKVw=="
    "resolved" "https://registry.npmmirror.com/tslib/download/tslib-2.3.1.tgz"
    "version" "2.3.1"
  
  "type-check@^0.4.0", "type-check@~0.4.0":
    "integrity" "sha512-XleUoc9uwGXqjWwXaUTZAmzMcFZ5858QA2vvx1Ur5xIcixXIP+8LnFDgRplU30us6teqdlskFfu+ae4K79Ooew== sha1-B7ggO/pwVsBlcFDjzNLDdzC6uPE="
    "resolved" "https://registry.nlark.com/type-check/download/type-check-0.4.0.tgz"
    "version" "0.4.0"
    dependencies:
      "prelude-ls" "^1.2.1"
  
  "type-fest@^0.20.2":
    "integrity" "sha512-Ne+eE4r0/iWnpAxD852z3A+N0Bt5RN//NjJwRd2VFHEmrywxf5vsZlh4R6lixl6B+wz/8d+maTSAkN1FIkI3LQ== sha1-G/IH9LKPkVg2ZstfvTJ4hzAc1fQ="
    "resolved" "https://registry.npmmirror.com/type-fest/download/type-fest-0.20.2.tgz"
    "version" "0.20.2"
  
  "uri-js@^4.2.2":
    "integrity" "sha512-7rKUyy33Q1yc98pQ1DAmLtwX109F7TIfWlW1Ydo8Wl1ii1SeHieeh0HHfPeL2fMXK6z0s8ecKs9frCuLJvndBg== sha1-mxpSWVIlhZ5V9mnZKPiMbFfyp34="
    "resolved" "https://registry.nlark.com/uri-js/download/uri-js-4.4.1.tgz"
    "version" "4.4.1"
    dependencies:
      "punycode" "^2.1.0"
  
  "v8-compile-cache@^2.0.3":
    "integrity" "sha512-l8lCEmLcLYZh4nbunNZvQCJc5pv7+RCwa8q/LdUx8u7lsWvPDKmpodJAJNwkAhJC//dFY48KuIEmjtd4RViDrA== sha1-LeGWGMZtwkfc+2+ZM4A12CRaLO4="
    "resolved" "https://registry.nlark.com/v8-compile-cache/download/v8-compile-cache-2.3.0.tgz"
    "version" "2.3.0"
  
  "vite-plugin-windicss@^1.6.1":
    "integrity" "sha512-63uv4HqBxtSZB0WOtrZS8yhyfQPgGQwYgcBald+/BpLSlYJREcDKgX9Xd/qDgTAjpDRozxKQj/JWreIlyIahGg=="
    "resolved" "https://registry.npmmirror.com/vite-plugin-windicss/download/vite-plugin-windicss-1.6.1.tgz"
    "version" "1.6.1"
    dependencies:
      "@windicss/plugin-utils" "1.6.1"
      "debug" "^4.3.3"
      "kolorist" "^1.5.1"
      "windicss" "^3.4.0"
  
  "vite@^2.0.0", "vite@^2.0.1", "vite@^2.5.10", "vite@^2.7.2":
    "integrity" "sha512-wMffVVdKZRZP/HwW3yttKL8X+IJePz7bUcnGm0vqljffpVwHpjWC3duZtJQHAGvy+wrTjmwU7vkULpZ1dVXY6w=="
    "resolved" "https://registry.npmmirror.com/vite/download/vite-2.7.2.tgz"
    "version" "2.7.2"
    dependencies:
      "esbuild" "^0.13.12"
      "postcss" "^8.3.11"
      "resolve" "^1.20.0"
      "rollup" "^2.59.0"
    optionalDependencies:
      "fsevents" "~2.3.2"
  
  "vue-eslint-parser@^8.0.1":
    "integrity" "sha512-lhWjDXJhe3UZw2uu3ztX51SJAPGPey1Tff2RK3TyZURwbuI4vximQLzz4nQfCv8CZq4xx7uIiogHMMoSJPr33A== sha1-JeCLIKQUVRUx8+GfmZkC4ez0XxM="
    "resolved" "https://registry.npmmirror.com/vue-eslint-parser/download/vue-eslint-parser-8.0.1.tgz"
    "version" "8.0.1"
    dependencies:
      "debug" "^4.3.2"
      "eslint-scope" "^6.0.0"
      "eslint-visitor-keys" "^3.0.0"
      "espree" "^9.0.0"
      "esquery" "^1.4.0"
      "lodash" "^4.17.21"
      "semver" "^7.3.5"
  
  "vue-router@4":
    "integrity" "sha512-CPXvfqe+mZLB1kBWssssTiWg4EQERyqJZes7USiqfW9B5N2x+nHlnsM1D3b5CaJ6qgCvMmYJnz+G0iWjNCvXrg=="
    "resolved" "https://registry.npmmirror.com/vue-router/download/vue-router-4.0.12.tgz"
    "version" "4.0.12"
    dependencies:
      "@vue/devtools-api" "^6.0.0-beta.18"
  
  "vue@^3.0.0", "vue@^3.0.2", "vue@^3.2.25", "vue@3.2.26":
    "integrity" "sha512-KD4lULmskL5cCsEkfhERVRIOEDrfEL9CwAsLYpzptOGjaGFNWo3BQ9g8MAb7RaIO71rmVOziZ/uEN/rHwcUIhg=="
    "resolved" "https://registry.npmmirror.com/vue/download/vue-3.2.26.tgz"
    "version" "3.2.26"
    dependencies:
      "@vue/compiler-dom" "3.2.26"
      "@vue/compiler-sfc" "3.2.26"
      "@vue/runtime-dom" "3.2.26"
      "@vue/server-renderer" "3.2.26"
      "@vue/shared" "3.2.26"
  
  "vuex@^4.0.2":
    "integrity" "sha512-M6r8uxELjZIK8kTKDGgZTYX/ahzblnzC4isU1tpmEuOIIKmV+TRdc+H4s8ds2NuZ7wpUTdGRzJRtoj+lI+pc0Q=="
    "resolved" "https://registry.npmmirror.com/vuex/download/vuex-4.0.2.tgz"
    "version" "4.0.2"
    dependencies:
      "@vue/devtools-api" "^6.0.0-beta.11"
  
  "watchpack@^2.3.1":
    "integrity" "sha512-x0t0JuydIo8qCNctdDrn1OzH/qDzk2+rdCOC3YzumZ42fiMqmQ7T3xQurykYMhYfHaPHTp4ZxAx2NfUo1K6QaA=="
    "resolved" "https://registry.npmmirror.com/watchpack/download/watchpack-2.3.1.tgz"
    "version" "2.3.1"
    dependencies:
      "glob-to-regexp" "^0.4.1"
      "graceful-fs" "^4.1.2"
  
  "webpack-sources@^3.2.3":
    "integrity" "sha512-/DyMEOrDgLKKIG0fmvtz+4dUX/3Ghozwgm6iPp8KRhvn+eQf9+Q7GWxVNMk3+uCPWfdXYC4ExGBckIXdFEfH1w=="
    "resolved" "https://registry.npmmirror.com/webpack-sources/download/webpack-sources-3.2.3.tgz"
    "version" "3.2.3"
  
  "webpack@^5.0.0", "webpack@^5.1.0":
    "integrity" "sha512-LjFbfMh89xBDpUMgA1W9Ur6Rn/gnr2Cq1jjHFPo4v6a79/ypznSYbAyPgGhwsxBtMIaEmDD1oJoA7BEYw/Fbrw=="
    "resolved" "https://registry.npmmirror.com/webpack/download/webpack-5.67.0.tgz"
    "version" "5.67.0"
    dependencies:
      "@types/eslint-scope" "^3.7.0"
      "@types/estree" "^0.0.50"
      "@webassemblyjs/ast" "1.11.1"
      "@webassemblyjs/wasm-edit" "1.11.1"
      "@webassemblyjs/wasm-parser" "1.11.1"
      "acorn" "^8.4.1"
      "acorn-import-assertions" "^1.7.6"
      "browserslist" "^4.14.5"
      "chrome-trace-event" "^1.0.2"
      "enhanced-resolve" "^5.8.3"
      "es-module-lexer" "^0.9.0"
      "eslint-scope" "5.1.1"
      "events" "^3.2.0"
      "glob-to-regexp" "^0.4.1"
      "graceful-fs" "^4.2.9"
      "json-parse-better-errors" "^1.0.2"
      "loader-runner" "^4.2.0"
      "mime-types" "^2.1.27"
      "neo-async" "^2.6.2"
      "schema-utils" "^3.1.0"
      "tapable" "^2.1.1"
      "terser-webpack-plugin" "^5.1.3"
      "watchpack" "^2.3.1"
      "webpack-sources" "^3.2.3"
  
  "which@^2.0.1":
    "integrity" "sha512-BLI3Tl1TW3Pvl70l3yq3Y64i+awpwXqsGBYWkkqMtnbXgrMD+yj7rhW0kuEDxzJaYXGjEW5ogapKNMEKNMjibA== sha1-fGqN0KY2oDJ+ELWckobu6T8/UbE="
    "resolved" "https://registry.nlark.com/which/download/which-2.0.2.tgz"
    "version" "2.0.2"
    dependencies:
      "isexe" "^2.0.0"
  
  "windicss@^3.4.0":
    "integrity" "sha512-YieqWaXiwPu0JJoB7z03RXdjZjQQJtMZAeXUXu/j3JXSMhIgV/2rUXu4Q7QrworRlbaASZlFhxjnL/78aAty+Q=="
    "resolved" "https://registry.npmmirror.com/windicss/download/windicss-3.4.2.tgz"
    "version" "3.4.2"
  
  "word-wrap@^1.2.3":
    "integrity" "sha512-Hz/mrNwitNRh/HUAtM/VT/5VH+ygD6DV7mYKZAtHOrbs8U7lvPS6xf7EJKMF0uW1KJCl0H701g3ZGus+muE5vQ== sha1-YQY29rH3A4kb00dxzLF/uTtHB5w="
    "resolved" "https://registry.npm.taobao.org/word-wrap/download/word-wrap-1.2.3.tgz"
    "version" "1.2.3"
  
  "wrappy@1":
    "integrity" "sha1-tSQ9jz7BqjXxNkYFvA0QNuMKtp8="
    "resolved" "https://registry.nlark.com/wrappy/download/wrappy-1.0.2.tgz?cache=0&sync_timestamp=1619133505879&other_urls=https%3A%2F%2Fregistry.nlark.com%2Fwrappy%2Fdownload%2Fwrappy-1.0.2.tgz"
    "version" "1.0.2"
  
  "xmldom@^0.1.31":
    "integrity" "sha512-yS2uJflVQs6n+CyjHoaBmVSqIDevTAWrzMmjG1Gc7h1qQ7uVozNhEPJAwZXWyGQ/Gafo3fCwrcaokezLPupVyQ=="
    "resolved" "https://registry.npmmirror.com/xmldom/-/xmldom-0.1.31.tgz"
    "version" "0.1.31"
  
  "yallist@^4.0.0":
    "integrity" "sha512-3wdGidZyq5PB084XLES5TpOSRA3wjXAlIWMhum2kRcv/41Sn2emQ0dycQW4uZXLejwKvg6EsvbdlVL+FYEct7A== sha1-m7knkNnA7/7GO+c1GeEaNQGaOnI="
    "resolved" "https://registry.nlark.com/yallist/download/yallist-4.0.0.tgz?cache=0&sync_timestamp=1622604530774&other_urls=https%3A%2F%2Fregistry.nlark.com%2Fyallist%2Fdownload%2Fyallist-4.0.0.tgz"
    "version" "4.0.0"
